Using pre-set license
Built from '6000.0/staging' branch; Version is '6000.0.27f1 (27c554a2199c) revision 2606420'; Using compiler version '193933523'; Build Type 'Release'
OS: 'Windows 11  (10.0.22631) 64bit ProfessionalWorkstation' Language: 'en' Physical Memory: 65303 MB
BatchMode: 1, IsHumanControllingUs: 0, StartBugReporterOnCrash: 0, Is64bit: 1, IsPro: 1

COMMAND LINE ARGUMENTS:
C:\Program Files\Unity\Hub\Editor\6000.0.27f1\Editor\Unity.exe
-adb2
-batchMode
-noUpm
-name
AssetImportWorker7
-projectPath
D:/Dropbox/My Games/CV Games/Unity - Game Creator Tutorial Linux/Game Creator 2 Tut
-logFile
Logs/AssetImportWorker7.log
-srvPort
50620
-job-worker-count
13
-background-job-worker-count
8
-asset-garbage-collectors
1
Successfully changed project path to: D:/Dropbox/My Games/CV Games/Unity - Game Creator Tutorial Linux/Game Creator 2 Tut
D:/Dropbox/My Games/CV Games/Unity - Game Creator Tutorial Linux/Game Creator 2 Tut
[UnityMemory] Configuration Parameters - Can be set up in boot.config
    "memorysetup-bucket-allocator-granularity=16"
    "memorysetup-bucket-allocator-bucket-count=8"
    "memorysetup-bucket-allocator-block-size=33554432"
    "memorysetup-bucket-allocator-block-count=8"
    "memorysetup-main-allocator-block-size=16777216"
    "memorysetup-thread-allocator-block-size=16777216"
    "memorysetup-gfx-main-allocator-block-size=16777216"
    "memorysetup-gfx-thread-allocator-block-size=16777216"
    "memorysetup-cache-allocator-block-size=4194304"
    "memorysetup-typetree-allocator-block-size=2097152"
    "memorysetup-profiler-bucket-allocator-granularity=16"
    "memorysetup-profiler-bucket-allocator-bucket-count=8"
    "memorysetup-profiler-bucket-allocator-block-size=33554432"
    "memorysetup-profiler-bucket-allocator-block-count=8"
    "memorysetup-profiler-allocator-block-size=16777216"
    "memorysetup-profiler-editor-allocator-block-size=1048576"
    "memorysetup-temp-allocator-size-main=16777216"
    "memorysetup-job-temp-allocator-block-size=2097152"
    "memorysetup-job-temp-allocator-block-size-background=1048576"
    "memorysetup-job-temp-allocator-reduction-small-platforms=262144"
    "memorysetup-allocator-temp-initial-block-size-main=262144"
    "memorysetup-allocator-temp-initial-block-size-worker=262144"
    "memorysetup-temp-allocator-size-background-worker=32768"
    "memorysetup-temp-allocator-size-job-worker=262144"
    "memorysetup-temp-allocator-size-preload-manager=33554432"
    "memorysetup-temp-allocator-size-nav-mesh-worker=65536"
    "memorysetup-temp-allocator-size-audio-worker=65536"
    "memorysetup-temp-allocator-size-cloud-worker=32768"
    "memorysetup-temp-allocator-size-gi-baking-worker=262144"
    "memorysetup-temp-allocator-size-gi-baking-worker=262144"
    "memorysetup-temp-allocator-size-gi-baking-worker=262144"
    "memorysetup-temp-allocator-size-gi-baking-worker=262144"
    "memorysetup-temp-allocator-size-gi-baking-worker=262144"
    "memorysetup-temp-allocator-size-gfx=262144"
Player connection [20356]  Target information:

Player connection [20356]  * "[IP] 192.168.100.104 [Port] 0 [Flags] 2 [Guid] 3857094645 [EditorId] 3857094645 [Version] 1048832 [Id] WindowsEditor(7,DESKTOP-3RH7DG3) [Debug] 1 [PackageName] WindowsEditor [ProjectName] Editor" 

Player connection [20356] Host joined multi-casting on [225.0.0.222:54997]...
Player connection [20356] Host joined alternative multi-casting on [225.0.0.222:34997]...
JobSystem: Creating JobQueue using job-worker-count value 13
[Physics::Module] Initialized fallback backend.
[Physics::Module] Id: 0xdecafbad
Library Redirect Path: Library/
[Physics::Module] Selected backend.
[Physics::Module] Name: PhysX
[Physics::Module] Id: 0xf2b8ea05
[Physics::Module] SDK Version: 4.1.2
[Physics::Module] Integration Version: 1.0.0
[Physics::Module] Threading Mode: Multi-Threaded
Refreshing native plugins compatible for Editor in 0.75 ms, found 3 plugins.
Preloading 0 native plugins for Editor in 0.00 ms.
Initialize engine version: 6000.0.27f1 (27c554a2199c)
[Subsystems] Discovering subsystems at path C:/Program Files/Unity/Hub/Editor/6000.0.27f1/Editor/Data/Resources/UnitySubsystems
[Subsystems] Discovering subsystems at path D:/Dropbox/My Games/CV Games/Unity - Game Creator Tutorial Linux/Game Creator 2 Tut/Assets
GfxDevice: creating device client; kGfxThreadingModeNonThreaded
Direct3D:
    Version:  Direct3D 11.0 [level 11.1]
    Renderer: NVIDIA GeForce RTX 4070 (ID=0x2786)
    Vendor:   NVIDIA
    VRAM:     12012 MB
    Driver:   32.0.15.6636
Initialize mono
Mono path[0] = 'C:/Program Files/Unity/Hub/Editor/6000.0.27f1/Editor/Data/Managed'
Mono path[1] = 'C:/Program Files/Unity/Hub/Editor/6000.0.27f1/Editor/Data/MonoBleedingEdge/lib/mono/unityjit-win32'
Mono config path = 'C:/Program Files/Unity/Hub/Editor/6000.0.27f1/Editor/Data/MonoBleedingEdge/etc'
Using monoOptions --debugger-agent=transport=dt_socket,embedding=1,server=y,suspend=n,address=127.0.0.1:56940
Begin MonoManager ReloadAssembly
Registering precompiled unity dll's ...
Register platform support module: C:/Program Files/Unity/Hub/Editor/6000.0.27f1/Editor/Data/PlaybackEngines/WindowsStandaloneSupport/UnityEditor.WindowsStandalone.Extensions.dll
Registered in 0.001607 seconds.
- Loaded All Assemblies, in  0.230 seconds
Native extension for WindowsStandalone target not found
Mono: successfully reloaded assembly
- Finished resetting the current domain, in  0.186 seconds
Domain Reload Profiling: 415ms
	BeginReloadAssembly (80ms)
		ExecutionOrderSort (0ms)
		DisableScriptedObjects (0ms)
		BackupInstance (0ms)
		ReleaseScriptingObjects (0ms)
		CreateAndSetChildDomain (0ms)
	RebuildCommonClasses (21ms)
	RebuildNativeTypeToScriptingClass (7ms)
	initialDomainReloadingComplete (28ms)
	LoadAllAssembliesAndSetupDomain (92ms)
		LoadAssemblies (78ms)
		RebuildTransferFunctionScriptingTraits (0ms)
		AnalyzeDomain (90ms)
			TypeCache.Refresh (89ms)
				TypeCache.ScanAssembly (80ms)
			BuildScriptInfoCaches (0ms)
			ResolveRequiredComponents (0ms)
	FinalizeReload (186ms)
		ReleaseScriptCaches (0ms)
		RebuildScriptCaches (0ms)
		SetupLoadedEditorAssemblies (153ms)
			LogAssemblyErrors (0ms)
			InitializePlatformSupportModulesInManaged (16ms)
			SetLoadedEditorAssemblies (3ms)
			BeforeProcessingInitializeOnLoad (4ms)
			ProcessInitializeOnLoadAttributes (96ms)
			ProcessInitializeOnLoadMethodAttributes (33ms)
			AfterProcessingInitializeOnLoad (2ms)
			EditorAssembliesLoaded (0ms)
		ExecutionOrderSort2 (0ms)
		AwakeInstancesAfterBackupRestoration (0ms)
========================================================================
Worker process is ready to serve import requests
Import Worker Mode flag is 0x00
Begin MonoManager ReloadAssembly
- Loaded All Assemblies, in  0.643 seconds
Refreshing native plugins compatible for Editor in 0.52 ms, found 3 plugins.
Native extension for WindowsStandalone target not found
Mono: successfully reloaded assembly
- Finished resetting the current domain, in  0.530 seconds
Domain Reload Profiling: 1170ms
	BeginReloadAssembly (248ms)
		ExecutionOrderSort (0ms)
		DisableScriptedObjects (4ms)
		BackupInstance (0ms)
		ReleaseScriptingObjects (0ms)
		CreateAndSetChildDomain (20ms)
	RebuildCommonClasses (21ms)
	RebuildNativeTypeToScriptingClass (7ms)
	initialDomainReloadingComplete (24ms)
	LoadAllAssembliesAndSetupDomain (340ms)
		LoadAssemblies (212ms)
		RebuildTransferFunctionScriptingTraits (0ms)
		AnalyzeDomain (190ms)
			TypeCache.Refresh (121ms)
				TypeCache.ScanAssembly (110ms)
			BuildScriptInfoCaches (58ms)
			ResolveRequiredComponents (8ms)
	FinalizeReload (530ms)
		ReleaseScriptCaches (0ms)
		RebuildScriptCaches (0ms)
		SetupLoadedEditorAssemblies (382ms)
			LogAssemblyErrors (0ms)
			InitializePlatformSupportModulesInManaged (1ms)
			SetLoadedEditorAssemblies (3ms)
			BeforeProcessingInitializeOnLoad (45ms)
			ProcessInitializeOnLoadAttributes (275ms)
			ProcessInitializeOnLoadMethodAttributes (53ms)
			AfterProcessingInitializeOnLoad (4ms)
			EditorAssembliesLoaded (0ms)
		ExecutionOrderSort2 (0ms)
		AwakeInstancesAfterBackupRestoration (4ms)
Launched and connected shader compiler UnityShaderCompiler.exe after 0.01 seconds
Refreshing native plugins compatible for Editor in 0.42 ms, found 3 plugins.
Preloading 0 native plugins for Editor in 0.00 ms.
Unloading 213 Unused Serialized files (Serialized files now loaded: 0)
Unloading 9032 unused Assets / (4.4 MB). Loaded Objects now: 9821.
Memory consumption went from 214.4 MB to 210.0 MB.
Total: 5.649600 ms (FindLiveObjects: 0.533800 ms CreateObjectMapping: 0.304100 ms MarkObjects: 3.389500 ms  DeleteObjects: 1.420400 ms)

========================================================================
Received Import Request.
  Time since last request: 36733.735015 seconds.
  path: Assets/Assets/PolygonSimpleApocalypse/Materials/Characters/SA_Character_Doctor.mat
  artifactKey: Guid(da96650ea8b2add42becd7da8c653d16) Importer(815301076,1909f56bfc062723c751e8b465ee728b)
Start importing Assets/Assets/PolygonSimpleApocalypse/Materials/Characters/SA_Character_Doctor.mat using Guid(da96650ea8b2add42becd7da8c653d16) Importer(815301076,1909f56bfc062723c751e8b465ee728b) (PreviewImporter) -> (artifact id: 'b963e1a1d039f549b5e745cd0aa1cacc') in 0.4090281 seconds
Number of updated asset objects reloaded before import = 0Number of asset objects unloaded after import = 2

========================================================================
Received Import Request.
  Time since last request: 0.000024 seconds.
  path: Assets/Assets/PolygonSimpleApocalypse/Materials/Characters/SA_Character_OldMaleSurvivor.mat
  artifactKey: Guid(11473f6bfb61e0245b60784ebb60cfef) Importer(815301076,1909f56bfc062723c751e8b465ee728b)
Start importing Assets/Assets/PolygonSimpleApocalypse/Materials/Characters/SA_Character_OldMaleSurvivor.mat using Guid(11473f6bfb61e0245b60784ebb60cfef) Importer(815301076,1909f56bfc062723c751e8b465ee728b) (PreviewImporter) -> (artifact id: 'be55b8b6726cd6e3ed661cb93f4667d7') in 0.0686944 seconds
Number of updated asset objects reloaded before import = 0Number of asset objects unloaded after import = 2

========================================================================
Received Import Request.
  Time since last request: 0.000025 seconds.
  path: Assets/Assets/PolygonSimpleApocalypse/Materials/Characters/SA_Character_FemaleSoldier.mat
  artifactKey: Guid(4ef445f123c0c284caa5fba6d1ee00bf) Importer(815301076,1909f56bfc062723c751e8b465ee728b)
Start importing Assets/Assets/PolygonSimpleApocalypse/Materials/Characters/SA_Character_FemaleSoldier.mat using Guid(4ef445f123c0c284caa5fba6d1ee00bf) Importer(815301076,1909f56bfc062723c751e8b465ee728b) (PreviewImporter) -> (artifact id: '0754bb9eca28d2740c4bd9692f933fab') in 0.1221153 seconds
Number of updated asset objects reloaded before import = 0Number of asset objects unloaded after import = 2

========================================================================
Received Import Request.
  Time since last request: 0.000018 seconds.
  path: Assets/Assets/PolygonSimpleApocalypse/Materials/Characters/SA_Character_FemalePyro.mat
  artifactKey: Guid(2e4689a309edb8444b920d28c9b1ecd0) Importer(815301076,1909f56bfc062723c751e8b465ee728b)
Start importing Assets/Assets/PolygonSimpleApocalypse/Materials/Characters/SA_Character_FemalePyro.mat using Guid(2e4689a309edb8444b920d28c9b1ecd0) Importer(815301076,1909f56bfc062723c751e8b465ee728b) (PreviewImporter) -> (artifact id: '36431931101cd169dd0254691ed629c3') in 0.258018 seconds
Number of updated asset objects reloaded before import = 0Number of asset objects unloaded after import = 2

========================================================================
Received Import Request.
  Time since last request: 0.000018 seconds.
  path: Assets/Assets/PolygonSimpleApocalypse/Materials/Characters/SA_Character_PrisonerSurvivor.mat
  artifactKey: Guid(ec2d7aa20135a0545b166a29249d0fb3) Importer(815301076,1909f56bfc062723c751e8b465ee728b)
Start importing Assets/Assets/PolygonSimpleApocalypse/Materials/Characters/SA_Character_PrisonerSurvivor.mat using Guid(ec2d7aa20135a0545b166a29249d0fb3) Importer(815301076,1909f56bfc062723c751e8b465ee728b) (PreviewImporter) -> (artifact id: 'd8ebc489eefa17992c25543c1cf29fb9') in 0.1905567 seconds
Number of updated asset objects reloaded before import = 0Number of asset objects unloaded after import = 2

========================================================================
Received Import Request.
  Time since last request: 0.000027 seconds.
  path: Assets/Assets/PolygonSimpleApocalypse/Materials/Characters/SA_Character_Scout.mat
  artifactKey: Guid(70535cd9e2b507c45b018cfd9adec4e6) Importer(815301076,1909f56bfc062723c751e8b465ee728b)
Start importing Assets/Assets/PolygonSimpleApocalypse/Materials/Characters/SA_Character_Scout.mat using Guid(70535cd9e2b507c45b018cfd9adec4e6) Importer(815301076,1909f56bfc062723c751e8b465ee728b) (PreviewImporter) -> (artifact id: 'b769a55796ebf1d28255d2ac15fc4c62') in 0.1697908 seconds
Number of updated asset objects reloaded before import = 0Number of asset objects unloaded after import = 2

========================================================================
Received Import Request.
  Time since last request: 9.818962 seconds.
  path: Assets/Assets/PolygonSimpleApocalypse/Materials/Characters/SA_Character_FemaleSoldier.mat
  artifactKey: Guid(4ef445f123c0c284caa5fba6d1ee00bf) Importer(815301076,1909f56bfc062723c751e8b465ee728b)
Start importing Assets/Assets/PolygonSimpleApocalypse/Materials/Characters/SA_Character_FemaleSoldier.mat using Guid(4ef445f123c0c284caa5fba6d1ee00bf) Importer(815301076,1909f56bfc062723c751e8b465ee728b) (PreviewImporter) -> (artifact id: 'fcc184c51304c8b5cab7c41a1649f29e') in 0.012374 seconds
Number of updated asset objects reloaded before import = 0Number of asset objects unloaded after import = 2

========================================================================
Received Import Request.
  Time since last request: 0.000021 seconds.
  path: Assets/Assets/PolygonSimpleApocalypse/Materials/Characters/SA_Character_Survivor_01.mat
  artifactKey: Guid(22c283d0da5c2d844b4e375afbcc8cb6) Importer(815301076,1909f56bfc062723c751e8b465ee728b)
Start importing Assets/Assets/PolygonSimpleApocalypse/Materials/Characters/SA_Character_Survivor_01.mat using Guid(22c283d0da5c2d844b4e375afbcc8cb6) Importer(815301076,1909f56bfc062723c751e8b465ee728b) (PreviewImporter) -> (artifact id: 'e835b9d1e5c92b0f225610d093f52e38') in 0.0133678 seconds
Number of updated asset objects reloaded before import = 0Number of asset objects unloaded after import = 2

========================================================================
Received Import Request.
  Time since last request: 0.000022 seconds.
  path: Assets/Assets/PolygonSimpleApocalypse/Materials/Characters/SA_Character_Hazard.mat
  artifactKey: Guid(43fbf0c3a85be124186e14b33f658522) Importer(815301076,1909f56bfc062723c751e8b465ee728b)
Start importing Assets/Assets/PolygonSimpleApocalypse/Materials/Characters/SA_Character_Hazard.mat using Guid(43fbf0c3a85be124186e14b33f658522) Importer(815301076,1909f56bfc062723c751e8b465ee728b) (PreviewImporter) -> (artifact id: '16576835cfb9d60dfc9633f5307e71a6') in 0.0160858 seconds
Number of updated asset objects reloaded before import = 0Number of asset objects unloaded after import = 2

========================================================================
Received Import Request.
  Time since last request: 0.000021 seconds.
  path: Assets/Assets/PolygonSimpleApocalypse/Materials/SimpleApocalypse.mat
  artifactKey: Guid(965e421d30d6a2a419dfd5b3597456b8) Importer(815301076,1909f56bfc062723c751e8b465ee728b)
Start importing Assets/Assets/PolygonSimpleApocalypse/Materials/SimpleApocalypse.mat using Guid(965e421d30d6a2a419dfd5b3597456b8) Importer(815301076,1909f56bfc062723c751e8b465ee728b) (PreviewImporter) -> (artifact id: '3c809e4e1fc51ac5f3a61d623696002b') in 0.0171812 seconds
Number of updated asset objects reloaded before import = 0Number of asset objects unloaded after import = 2

========================================================================
Received Import Request.
  Time since last request: 0.000020 seconds.
  path: Assets/Assets/PolygonSimpleApocalypse/Materials/Characters/SA_Character_InjuredSurvivor.mat
  artifactKey: Guid(1e309550b4cf2bb44bf90b600ffb9723) Importer(815301076,1909f56bfc062723c751e8b465ee728b)
Start importing Assets/Assets/PolygonSimpleApocalypse/Materials/Characters/SA_Character_InjuredSurvivor.mat using Guid(1e309550b4cf2bb44bf90b600ffb9723) Importer(815301076,1909f56bfc062723c751e8b465ee728b) (PreviewImporter) -> (artifact id: '0e254e3716b33286f7295d7c62bf21d7') in 0.0124698 seconds
Number of updated asset objects reloaded before import = 0Number of asset objects unloaded after import = 2

========================================================================
Received Import Request.
  Time since last request: 0.000026 seconds.
  path: Assets/Assets/PolygonSimpleApocalypse/Materials/Characters/SA_Character_MaleSurvivor02.mat
  artifactKey: Guid(aa3bf6c6b6d585b44aa372b34cbf948b) Importer(815301076,1909f56bfc062723c751e8b465ee728b)
Start importing Assets/Assets/PolygonSimpleApocalypse/Materials/Characters/SA_Character_MaleSurvivor02.mat using Guid(aa3bf6c6b6d585b44aa372b34cbf948b) Importer(815301076,1909f56bfc062723c751e8b465ee728b) (PreviewImporter) -> (artifact id: '281763006fc4185156ee04f9b85c2e51') in 0.0089669 seconds
Number of updated asset objects reloaded before import = 0Number of asset objects unloaded after import = 2

========================================================================
Received Import Request.
  Time since last request: 0.000036 seconds.
  path: Assets/Assets/PolygonSimpleApocalypse/Materials/Characters/SA_Character_MaleSurvivor03.mat
  artifactKey: Guid(394c086367e935840965a57deec8ed7f) Importer(815301076,1909f56bfc062723c751e8b465ee728b)
Start importing Assets/Assets/PolygonSimpleApocalypse/Materials/Characters/SA_Character_MaleSurvivor03.mat using Guid(394c086367e935840965a57deec8ed7f) Importer(815301076,1909f56bfc062723c751e8b465ee728b) (PreviewImporter) -> (artifact id: '1197b3e6acf6069444c5c8f0000fcbf6') in 0.0108907 seconds
Number of updated asset objects reloaded before import = 0Number of asset objects unloaded after import = 2

========================================================================
Received Import Request.
  Time since last request: 0.000027 seconds.
  path: Assets/Assets/PolygonSimpleApocalypse/Materials/Characters/SA_Character_OldMaleSurvivor.mat
  artifactKey: Guid(11473f6bfb61e0245b60784ebb60cfef) Importer(815301076,1909f56bfc062723c751e8b465ee728b)
Start importing Assets/Assets/PolygonSimpleApocalypse/Materials/Characters/SA_Character_OldMaleSurvivor.mat using Guid(11473f6bfb61e0245b60784ebb60cfef) Importer(815301076,1909f56bfc062723c751e8b465ee728b) (PreviewImporter) -> (artifact id: '9f2d7c5bd4a26806c63200ed7dc28724') in 0.0150943 seconds
Number of updated asset objects reloaded before import = 0Number of asset objects unloaded after import = 2

========================================================================
Received Import Request.
  Time since last request: 0.000024 seconds.
  path: Assets/Assets/PolygonSimpleApocalypse/Materials/Characters/SA_Character_MaleSurvivor01.mat
  artifactKey: Guid(74639c217af71f3468b6251d0e5b26fe) Importer(815301076,1909f56bfc062723c751e8b465ee728b)
Start importing Assets/Assets/PolygonSimpleApocalypse/Materials/Characters/SA_Character_MaleSurvivor01.mat using Guid(74639c217af71f3468b6251d0e5b26fe) Importer(815301076,1909f56bfc062723c751e8b465ee728b) (PreviewImporter) -> (artifact id: 'dc44889e3a794439841eab4f2f650fb3') in 0.0259678 seconds
Number of updated asset objects reloaded before import = 0Number of asset objects unloaded after import = 2

========================================================================
Received Import Request.
  Time since last request: 0.000024 seconds.
  path: Assets/Assets/PolygonSimpleApocalypse/Materials/Characters/SA_Character_FemaleTrenchcoat.mat
  artifactKey: Guid(7e30f370eea8d8f4592944ff37500f20) Importer(815301076,1909f56bfc062723c751e8b465ee728b)
Start importing Assets/Assets/PolygonSimpleApocalypse/Materials/Characters/SA_Character_FemaleTrenchcoat.mat using Guid(7e30f370eea8d8f4592944ff37500f20) Importer(815301076,1909f56bfc062723c751e8b465ee728b) (PreviewImporter) -> (artifact id: '25295440b178de1f4a2f184661263517') in 0.0101709 seconds
Number of updated asset objects reloaded before import = 0Number of asset objects unloaded after import = 2

========================================================================
Received Import Request.
  Time since last request: 0.000027 seconds.
  path: Assets/Assets/PolygonSimpleApocalypse/Materials/Characters/SA_Character_RoadWorkerSurvivor.mat
  artifactKey: Guid(ef1f51bd99702a34696e8f15a2a6c324) Importer(815301076,1909f56bfc062723c751e8b465ee728b)
Start importing Assets/Assets/PolygonSimpleApocalypse/Materials/Characters/SA_Character_RoadWorkerSurvivor.mat using Guid(ef1f51bd99702a34696e8f15a2a6c324) Importer(815301076,1909f56bfc062723c751e8b465ee728b) (PreviewImporter) -> (artifact id: '453e9dee7978e019ec19480de474e03f') in 0.0305062 seconds
Number of updated asset objects reloaded before import = 0Number of asset objects unloaded after import = 2

========================================================================
Received Import Request.
  Time since last request: 0.000027 seconds.
  path: Assets/Assets/PolygonSimpleApocalypse/Materials/Characters/SA_Character_MaleTrenchcoat.mat
  artifactKey: Guid(565a36848934faa4db08756381f0ec23) Importer(815301076,1909f56bfc062723c751e8b465ee728b)
Start importing Assets/Assets/PolygonSimpleApocalypse/Materials/Characters/SA_Character_MaleTrenchcoat.mat using Guid(565a36848934faa4db08756381f0ec23) Importer(815301076,1909f56bfc062723c751e8b465ee728b) (PreviewImporter) -> (artifact id: 'ad408c9e48ba6fe74593c2acafe97b40') in 0.0174989 seconds
Number of updated asset objects reloaded before import = 0Number of asset objects unloaded after import = 2

========================================================================
Received Import Request.
  Time since last request: 0.000025 seconds.
  path: Assets/Assets/PolygonSimpleApocalypse/Materials/Characters/SA_Character_Survivor_Sheriff.mat
  artifactKey: Guid(ce41d95c92d9f2e47845250c463e2a5a) Importer(815301076,1909f56bfc062723c751e8b465ee728b)
Start importing Assets/Assets/PolygonSimpleApocalypse/Materials/Characters/SA_Character_Survivor_Sheriff.mat using Guid(ce41d95c92d9f2e47845250c463e2a5a) Importer(815301076,1909f56bfc062723c751e8b465ee728b) (PreviewImporter) -> (artifact id: 'f2f84db8dec38da39515f25fffbb6b60') in 0.0119479 seconds
Number of updated asset objects reloaded before import = 0Number of asset objects unloaded after import = 2

========================================================================
Received Import Request.
  Time since last request: 0.789902 seconds.
  path: Assets/Assets/PolygonSimpleApocalypse/Materials/Misc/WaterFX.mat
  artifactKey: Guid(daf5714b1bd61c84fb8f439922ec2664) Importer(815301076,1909f56bfc062723c751e8b465ee728b)
Start importing Assets/Assets/PolygonSimpleApocalypse/Materials/Misc/WaterFX.mat using Guid(daf5714b1bd61c84fb8f439922ec2664) Importer(815301076,1909f56bfc062723c751e8b465ee728b) (PreviewImporter) -> (artifact id: '69b19dfcafcefc5802218502261cdf9a') in 0.0616211 seconds
Number of updated asset objects reloaded before import = 0Number of asset objects unloaded after import = 1

========================================================================
Received Import Request.
  Time since last request: 14.548041 seconds.
  path: Assets/Assets/PolygonSimpleApocalypse/Materials/Zombies/SA_Zombie_Farmer.mat
  artifactKey: Guid(e5cc05ed45de54f44a492689c311bd00) Importer(815301076,1909f56bfc062723c751e8b465ee728b)
Start importing Assets/Assets/PolygonSimpleApocalypse/Materials/Zombies/SA_Zombie_Farmer.mat using Guid(e5cc05ed45de54f44a492689c311bd00) Importer(815301076,1909f56bfc062723c751e8b465ee728b) (PreviewImporter) -> (artifact id: '9db1f99092e14f66d8a25914bc2e47f8') in 0.0780114 seconds
Number of updated asset objects reloaded before import = 0Number of asset objects unloaded after import = 2

========================================================================
Received Import Request.
  Time since last request: 0.000016 seconds.
  path: Assets/Assets/PolygonSimpleApocalypse/Materials/Zombies/SA_Zombie_Prostitute.mat
  artifactKey: Guid(5af251da788ecdd4a806c710ef752c51) Importer(815301076,1909f56bfc062723c751e8b465ee728b)
Start importing Assets/Assets/PolygonSimpleApocalypse/Materials/Zombies/SA_Zombie_Prostitute.mat using Guid(5af251da788ecdd4a806c710ef752c51) Importer(815301076,1909f56bfc062723c751e8b465ee728b) (PreviewImporter) -> (artifact id: '21fadbd5deca1c3b471a18a1c048d75a') in 0.031932 seconds
Number of updated asset objects reloaded before import = 0Number of asset objects unloaded after import = 2

========================================================================
Received Import Request.
  Time since last request: 0.000017 seconds.
  path: Assets/Assets/PolygonSimpleApocalypse/Materials/Zombies/SA_Zombie_RoadWorker.mat
  artifactKey: Guid(a9c66f4b2359cc045b4be663d295b02e) Importer(815301076,1909f56bfc062723c751e8b465ee728b)
Start importing Assets/Assets/PolygonSimpleApocalypse/Materials/Zombies/SA_Zombie_RoadWorker.mat using Guid(a9c66f4b2359cc045b4be663d295b02e) Importer(815301076,1909f56bfc062723c751e8b465ee728b) (PreviewImporter) -> (artifact id: '9d6ee44a206625b3a91764fb8796669b') in 0.0600076 seconds
Number of updated asset objects reloaded before import = 0Number of asset objects unloaded after import = 2

========================================================================
Received Import Request.
  Time since last request: 0.000022 seconds.
  path: Assets/Assets/PolygonSimpleApocalypse/Materials/Zombies/SA_Zombie_Industrial.mat
  artifactKey: Guid(cad8e3f80e0443d43a61c4e1124449da) Importer(815301076,1909f56bfc062723c751e8b465ee728b)
Start importing Assets/Assets/PolygonSimpleApocalypse/Materials/Zombies/SA_Zombie_Industrial.mat using Guid(cad8e3f80e0443d43a61c4e1124449da) Importer(815301076,1909f56bfc062723c751e8b465ee728b) (PreviewImporter) -> (artifact id: '9a245d4570d88ac13cb49bbc0a874de3') in 0.0154111 seconds
Number of updated asset objects reloaded before import = 0Number of asset objects unloaded after import = 2

========================================================================
Received Import Request.
  Time since last request: 0.000016 seconds.
  path: Assets/Assets/PolygonSimpleApocalypse/Materials/Zombies/SA_Zombie_Pilot.mat
  artifactKey: Guid(cfb0dc6328d3072429fa1f26b60cc7f2) Importer(815301076,1909f56bfc062723c751e8b465ee728b)
Start importing Assets/Assets/PolygonSimpleApocalypse/Materials/Zombies/SA_Zombie_Pilot.mat using Guid(cfb0dc6328d3072429fa1f26b60cc7f2) Importer(815301076,1909f56bfc062723c751e8b465ee728b) (PreviewImporter) -> (artifact id: '72a4316a8b958cb96d4033538ddd7fb3') in 0.0873775 seconds
Number of updated asset objects reloaded before import = 0Number of asset objects unloaded after import = 2

========================================================================
Received Import Request.
  Time since last request: 13.576469 seconds.
  path: Assets/Assets/PolygonSimpleApocalypse/Materials/Zombies/SA_Zombie_Farmer.mat
  artifactKey: Guid(e5cc05ed45de54f44a492689c311bd00) Importer(815301076,1909f56bfc062723c751e8b465ee728b)
Start importing Assets/Assets/PolygonSimpleApocalypse/Materials/Zombies/SA_Zombie_Farmer.mat using Guid(e5cc05ed45de54f44a492689c311bd00) Importer(815301076,1909f56bfc062723c751e8b465ee728b) (PreviewImporter) -> (artifact id: '7125dc67f82e34f9f8282d4e4749e28c') in 0.0076464 seconds
Number of updated asset objects reloaded before import = 0Number of asset objects unloaded after import = 2

========================================================================
Received Import Request.
  Time since last request: 0.000016 seconds.
  path: Assets/Assets/PolygonSimpleApocalypse/Materials/Zombies/SA_Zombie_Mechanic.mat
  artifactKey: Guid(008316033fc5cb54e9df91755a34fb2f) Importer(815301076,1909f56bfc062723c751e8b465ee728b)
Start importing Assets/Assets/PolygonSimpleApocalypse/Materials/Zombies/SA_Zombie_Mechanic.mat using Guid(008316033fc5cb54e9df91755a34fb2f) Importer(815301076,1909f56bfc062723c751e8b465ee728b) (PreviewImporter) -> (artifact id: '778f3852d2251efe1efb745d9fe5e92d') in 0.0062401 seconds
Number of updated asset objects reloaded before import = 0Number of asset objects unloaded after import = 2

========================================================================
Received Import Request.
  Time since last request: 0.000017 seconds.
  path: Assets/Assets/PolygonSimpleApocalypse/Materials/Zombies/SA_Zombie_Firefighter.mat
  artifactKey: Guid(d1e26b3a3707be744b01eb7df7046c87) Importer(815301076,1909f56bfc062723c751e8b465ee728b)
Start importing Assets/Assets/PolygonSimpleApocalypse/Materials/Zombies/SA_Zombie_Firefighter.mat using Guid(d1e26b3a3707be744b01eb7df7046c87) Importer(815301076,1909f56bfc062723c751e8b465ee728b) (PreviewImporter) -> (artifact id: '2ccf86c1fffeff971184f01b74835f1a') in 0.0127827 seconds
Number of updated asset objects reloaded before import = 0Number of asset objects unloaded after import = 2

========================================================================
Received Import Request.
  Time since last request: 0.000017 seconds.
  path: Assets/Assets/PolygonSimpleApocalypse/Materials/Zombies/SA_Zombie_Mountie.mat
  artifactKey: Guid(9ddf5db41272a184897937ef13c14e01) Importer(815301076,1909f56bfc062723c751e8b465ee728b)
Start importing Assets/Assets/PolygonSimpleApocalypse/Materials/Zombies/SA_Zombie_Mountie.mat using Guid(9ddf5db41272a184897937ef13c14e01) Importer(815301076,1909f56bfc062723c751e8b465ee728b) (PreviewImporter) -> (artifact id: '7b555e1a6be3cc5ab95a6bfbeef280a0') in 0.0077211 seconds
Number of updated asset objects reloaded before import = 0Number of asset objects unloaded after import = 2

Editor requested this worker to shutdown with reason: Scaling down because of idle timeout
AssetImportWorker is now disconnected from the server
Process exiting
Exiting without the bug reporter. Application will terminate with return code 0