Unity Editor version:    6000.0.27f1 (27c554a2199c)
Branch:                  6000.0/staging
Build type:              Release
Batch mode:              YES
System name:             Linux
Distro version:          #52-Ubuntu SMP PREEMPT_DYNAMIC Thu Dec  5 13:09:44 UTC 2024
Kernel version:          6.8.0-51-generic
Architecture:            x86_64
Available memory:        64066 MB
Using pre-set license
Pro License: YES
The selected window backend is (null) 
Desktop is 2560 x 1440 @ 60 Hz
Initialize udev device monitor.

COMMAND LINE ARGUMENTS:
Unity
-adb2
-batchMode
-noUpm
-name
AssetImportWorker0
-projectPath
/media/claudiu/Drive D/Dropbox/My Games/CV Games/Unity - Game Creator Tutorial Linux/Game Creator 2 Tut
-logFile
Logs/AssetImportWorker0.log
-srvPort
35653
-job-worker-count
13
-background-job-worker-count
8
-asset-garbage-collectors
1
Successfully changed project path to: /media/claudiu/Drive D/Dropbox/My Games/CV Games/Unity - Game Creator Tutorial Linux/Game Creator 2 Tut

(Unity:10225): Gtk-CRITICAL **: 05:22:46.334: gtk_label_set_markup: assertion 'GTK_IS_LABEL (label)' failed

(Unity:10225): Gtk-CRITICAL **: 05:22:46.334: gtk_label_set_markup: assertion 'GTK_IS_LABEL (label)' failed
/media/claudiu/Drive D/Dropbox/My Games/CV Games/Unity - Game Creator Tutorial Linux/Game Creator 2 Tut
[UnityMemory] Configuration Parameters - Can be set up in boot.config
    "memorysetup-bucket-allocator-granularity=16"
    "memorysetup-bucket-allocator-bucket-count=8"
    "memorysetup-bucket-allocator-block-size=33554432"
    "memorysetup-bucket-allocator-block-count=8"
    "memorysetup-main-allocator-block-size=16777216"
    "memorysetup-thread-allocator-block-size=16777216"
    "memorysetup-gfx-main-allocator-block-size=16777216"
    "memorysetup-gfx-thread-allocator-block-size=16777216"
    "memorysetup-cache-allocator-block-size=4194304"
    "memorysetup-typetree-allocator-block-size=2097152"
    "memorysetup-profiler-bucket-allocator-granularity=16"
    "memorysetup-profiler-bucket-allocator-bucket-count=8"
    "memorysetup-profiler-bucket-allocator-block-size=33554432"
    "memorysetup-profiler-bucket-allocator-block-count=8"
    "memorysetup-profiler-allocator-block-size=16777216"
    "memorysetup-profiler-editor-allocator-block-size=1048576"
    "memorysetup-temp-allocator-size-main=16777216"
    "memorysetup-job-temp-allocator-block-size=2097152"
    "memorysetup-job-temp-allocator-block-size-background=1048576"
    "memorysetup-job-temp-allocator-reduction-small-platforms=262144"
    "memorysetup-allocator-temp-initial-block-size-main=262144"
    "memorysetup-allocator-temp-initial-block-size-worker=262144"
    "memorysetup-temp-allocator-size-background-worker=32768"
    "memorysetup-temp-allocator-size-job-worker=262144"
    "memorysetup-temp-allocator-size-preload-manager=33554432"
    "memorysetup-temp-allocator-size-nav-mesh-worker=65536"
    "memorysetup-temp-allocator-size-audio-worker=65536"
    "memorysetup-temp-allocator-size-cloud-worker=32768"
    "memorysetup-temp-allocator-size-gi-baking-worker=262144"
    "memorysetup-temp-allocator-size-gi-baking-worker=262144"
    "memorysetup-temp-allocator-size-gi-baking-worker=262144"
    "memorysetup-temp-allocator-size-gi-baking-worker=262144"
    "memorysetup-temp-allocator-size-gi-baking-worker=262144"
    "memorysetup-temp-allocator-size-gfx=262144"
Player connection [127259649795392]  Target information:

Player connection [127259649795392]  * "[IP] 192.168.100.104 [Port] 0 [Flags] 2 [Guid] 1906270374 [EditorId] 1906270374 [Version] 1048832 [Id] LinuxEditor(16,192.168.100.104) [Debug] 1 [PackageName] LinuxEditor [ProjectName] Editor" 

Player connection [127259649795392] Host joined multi-casting on [225.0.0.222:54997]...
Player connection [127259649795392] Host joined alternative multi-casting on [225.0.0.222:34997]...
JobSystem: Creating JobQueue using job-worker-count value 13
[Physics::Module] Initialized fallback backend.
[Physics::Module] Id: 0xdecafbad
Library Redirect Path: Library/
[Physics::Module] Selected backend.
[Physics::Module] Name: PhysX
[Physics::Module] Id: 0xf2b8ea05
[Physics::Module] SDK Version: 4.1.2
[Physics::Module] Integration Version: 1.0.0
[Physics::Module] Threading Mode: Multi-Threaded
Refreshing native plugins compatible for Editor in 0,81 ms, found 0 plugins.
Preloading 0 native plugins for Editor in 0,00 ms.
Initialize engine version: 6000.0.27f1 (27c554a2199c)
[Subsystems] Discovering subsystems at path /home/claudiu/Unity/Hub/Editor/6000.0.27f1/Editor/Data/Resources/UnitySubsystems
[Subsystems] Discovering subsystems at path /media/claudiu/Drive D/Dropbox/My Games/CV Games/Unity - Game Creator Tutorial Linux/Game Creator 2 Tut/Assets
kGfxThreadingModeNonThreaded is not supported on OpenGL Core. Reverting to kGfxThreadingModeDirect instead.
GfxDevice: creating device client; kGfxThreadingModeDirect
GLX Extensions: GLX_ARB_get_proc_address GLX_ARB_multisample GLX_EXT_visual_info GLX_EXT_visual_rating GLX_EXT_import_context GLX_SGI_video_sync GLX_SGIX_fbconfig GLX_SGIX_pbuffer GLX_SGI_swap_control GLX_EXT_swap_control GLX_EXT_swap_control_tear GLX_EXT_buffer_age GLX_ARB_create_context GLX_ARB_create_context_profile GLX_NV_float_buffer GLX_ARB_fbconfig_float GLX_EXT_texture_from_pixmap GLX_EXT_framebuffer_sRGB GLX_NV_copy_image GLX_EXT_create_context_es_profile GLX_EXT_create_context_es2_profile GLX_ARB_create_context_no_error GLX_ARB_create_context_robustness GLX_NV_delay_before_swap GLX_EXT_stereo_tree GLX_ARB_context_flush_control GLX_NV_robustness_video_memory_purge GLX_NV_multigpu_context 
Renderer: NVIDIA GeForce RTX 4070/PCIe/SSE2
Vendor:   NVIDIA Corporation
Version:  4.5.0 NVIDIA 550.120
GLES:     0
 GL_AMD_multi_draw_indirect GL_AMD_seamless_cubemap_per_texture GL_AMD_vertex_shader_viewport_index GL_AMD_vertex_shader_layer GL_ARB_arrays_of_arrays GL_ARB_base_instance GL_ARB_bindless_texture GL_ARB_blend_func_extended GL_ARB_buffer_storage GL_ARB_clear_buffer_object GL_ARB_clear_texture GL_ARB_clip_control GL_ARB_color_buffer_float GL_ARB_compressed_texture_pixel_storage GL_ARB_conservative_depth GL_ARB_compute_shader GL_ARB_compute_variable_group_size GL_ARB_conditional_render_inverted GL_ARB_copy_buffer GL_ARB_copy_image GL_ARB_cull_distance GL_ARB_debug_output GL_ARB_depth_buffer_float GL_ARB_depth_clamp GL_ARB_depth_texture GL_ARB_derivative_control GL_ARB_direct_state_access GL_ARB_draw_buffers GL_ARB_draw_buffers_blend GL_ARB_draw_indirect GL_ARB_draw_elements_base_vertex GL_ARB_draw_instanced GL_ARB_enhanced_layouts GL_ARB_ES2_compatibility GL_ARB_ES3_compatibility GL_ARB_ES3_1_compatibility GL_ARB_ES3_2_compatibility GL_ARB_explicit_attrib_location GL_ARB_explicit_uniform_location GL_ARB_fragmen
t_coord_conventions GL_ARB_fragment_layer_viewport GL_ARB_fragment_program GL_ARB_fragment_program_shadow GL_ARB_fragment_shader GL_ARB_fragment_shader_interlock GL_ARB_framebuffer_no_attachments GL_ARB_framebuffer_object GL_ARB_framebuffer_sRGB GL_ARB_geometry_shader4 GL_ARB_get_program_binary GL_ARB_get_texture_sub_image GL_ARB_gl_spirv GL_ARB_gpu_shader5 GL_ARB_gpu_shader_fp64 GL_ARB_gpu_shader_int64 GL_ARB_half_float_pixel GL_ARB_half_float_vertex GL_ARB_imaging GL_ARB_indirect_parameters GL_ARB_instanced_arrays GL_ARB_internalformat_query GL_ARB_internalformat_query2 GL_ARB_invalidate_subdata GL_ARB_map_buffer_alignment GL_ARB_map_buffer_range GL_ARB_multi_bind GL_ARB_multi_draw_indirect GL_ARB_multisample GL_ARB_multitexture GL_ARB_occlusion_query GL_ARB_occlusion_query2 GL_ARB_parallel_shader_compile GL_ARB_pipeline_statistics_query GL_ARB_pixel_buffer_object GL_ARB_point_parameters GL_ARB_point_sprite GL_ARB_polygon_offset_clamp GL_ARB_post_depth_coverage GL_ARB_program_interface_query GL_ARB_provoki
ng_vertex GL_ARB_query_buffer_object GL_ARB_robust_buffer_access_behavior GL_ARB_robustness GL_ARB_sample_locations GL_ARB_sample_shading GL_ARB_sampler_objects GL_ARB_seamless_cube_map GL_ARB_seamless_cubemap_per_texture GL_ARB_separate_shader_objects GL_ARB_shader_atomic_counter_ops GL_ARB_shader_atomic_counters GL_ARB_shader_ballot GL_ARB_shader_bit_encoding GL_ARB_shader_clock GL_ARB_shader_draw_parameters GL_ARB_shader_group_vote GL_ARB_shader_image_load_store GL_ARB_shader_image_size GL_ARB_shader_objects GL_ARB_shader_precision GL_ARB_shader_storage_buffer_object GL_ARB_shader_subroutine GL_ARB_shader_texture_image_samples GL_ARB_shader_texture_lod GL_ARB_shading_language_100 GL_ARB_shader_viewport_layer_array GL_ARB_shading_language_420pack GL_ARB_shading_language_include GL_ARB_shading_language_packing GL_ARB_shadow GL_ARB_sparse_buffer GL_ARB_sparse_texture GL_ARB_sparse_texture2 GL_ARB_sparse_texture_clamp GL_ARB_spirv_extensions GL_ARB_stencil_texturing GL_ARB_sync GL_ARB_tessellation_shader GL_A
RB_texture_barrier GL_ARB_texture_border_clamp GL_ARB_texture_buffer_object GL_ARB_texture_buffer_object_rgb32 GL_ARB_texture_buffer_range GL_ARB_texture_compression GL_ARB_texture_compression_bptc GL_ARB_texture_compression_rgtc GL_ARB_texture_cube_map GL_ARB_texture_cube_map_array GL_ARB_texture_env_add GL_ARB_texture_env_combine GL_ARB_texture_env_crossbar GL_ARB_texture_env_dot3 GL_ARB_texture_filter_anisotropic GL_ARB_texture_filter_minmax GL_ARB_texture_float GL_ARB_texture_gather GL_ARB_texture_mirror_clamp_to_edge GL_ARB_texture_mirrored_repeat GL_ARB_texture_multisample GL_ARB_texture_non_power_of_two GL_ARB_texture_query_levels GL_ARB_texture_query_lod GL_ARB_texture_rectangle GL_ARB_texture_rg GL_ARB_texture_rgb10_a2ui GL_ARB_texture_stencil8 GL_ARB_texture_storage GL_ARB_texture_storage_multisample GL_ARB_texture_swizzle GL_ARB_texture_view GL_ARB_timer_query GL_ARB_transform_feedback2 GL_ARB_transform_feedback3 GL_ARB_transform_feedback_instanced GL_ARB_transform_feedback_overflow_query GL_ARB_t
ranspose_matrix GL_ARB_uniform_buffer_object GL_ARB_vertex_array_bgra GL_ARB_vertex_array_object GL_ARB_vertex_attrib_64bit GL_ARB_vertex_attrib_binding GL_ARB_vertex_buffer_object GL_ARB_vertex_program GL_ARB_vertex_shader GL_ARB_vertex_type_10f_11f_11f_rev GL_ARB_vertex_type_2_10_10_10_rev GL_ARB_viewport_array GL_ARB_window_pos GL_ATI_draw_buffers GL_ATI_texture_float GL_ATI_texture_mirror_once GL_S3_s3tc GL_EXT_texture_env_add GL_EXT_abgr GL_EXT_bgra GL_EXT_bindable_uniform GL_EXT_blend_color GL_EXT_blend_equation_separate GL_EXT_blend_func_separate GL_EXT_blend_minmax GL_EXT_blend_subtract GL_EXT_compiled_vertex_array GL_EXT_Cg_shader GL_EXT_depth_bounds_test GL_EXT_direct_state_access GL_EXT_draw_buffers2 GL_EXT_draw_instanced GL_EXT_draw_range_elements GL_EXT_fog_coord GL_EXT_framebuffer_blit GL_EXT_framebuffer_multisample GL_EXTX_framebuffer_mixed_formats GL_EXT_framebuffer_multisample_blit_scaled GL_EXT_framebuffer_object GL_EXT_framebuffer_sRGB GL_EXT_geometry_shader4 GL_EXT_gpu_program_parameters 
GL_EXT_gpu_shader4 GL_EXT_multi_draw_arrays GL_EXT_multiview_texture_multisample GL_EXT_multiview_timer_query GL_EXT_packed_depth_stencil GL_EXT_packed_float GL_EXT_packed_pixels GL_EXT_pixel_buffer_object GL_EXT_point_parameters GL_EXT_polygon_offset_clamp GL_EXT_post_depth_coverage GL_EXT_provoking_vertex GL_EXT_raster_multisample GL_EXT_rescale_normal GL_EXT_secondary_color GL_EXT_separate_shader_objects GL_EXT_separate_specular_color GL_EXT_shader_image_load_formatted GL_EXT_shader_image_load_store GL_EXT_shader_integer_mix GL_EXT_shadow_funcs GL_EXT_sparse_texture2 GL_EXT_stencil_two_side GL_EXT_stencil_wrap GL_EXT_texture3D GL_EXT_texture_array GL_EXT_texture_buffer_object GL_EXT_texture_compression_dxt1 GL_EXT_texture_compression_latc GL_EXT_texture_compression_rgtc GL_EXT_texture_compression_s3tc GL_EXT_texture_cube_map GL_EXT_texture_edge_clamp GL_EXT_texture_env_combine GL_EXT_texture_env_dot3 GL_EXT_texture_filter_anisotropic GL_EXT_texture_filter_minmax GL_EXT_texture_integer GL_EXT_texture_lod G
L_EXT_texture_lod_bias GL_EXT_texture_mirror_clamp GL_EXT_texture_object GL_EXT_texture_shadow_lod GL_EXT_texture_shared_exponent GL_EXT_texture_sRGB GL_EXT_texture_sRGB_R8 GL_EXT_texture_sRGB_decode GL_EXT_texture_storage GL_EXT_texture_swizzle GL_EXT_timer_query GL_EXT_transform_feedback2 GL_EXT_vertex_array GL_EXT_vertex_array_bgra GL_EXT_vertex_attrib_64bit GL_EXT_window_rectangles GL_EXT_x11_sync_object GL_EXT_import_sync_object GL_NV_robustness_video_memory_purge GL_IBM_rasterpos_clip GL_IBM_texture_mirrored_repeat GL_KHR_context_flush_control GL_KHR_debug GL_EXT_memory_object GL_EXT_memory_object_fd GL_NV_memory_object_sparse GL_KHR_parallel_shader_compile GL_KHR_no_error GL_KHR_robust_buffer_access_behavior GL_KHR_robustness GL_EXT_semaphore GL_EXT_semaphore_fd GL_NV_timeline_semaphore GL_KHR_shader_subgroup GL_KTX_buffer_region GL_NV_alpha_to_coverage_dither_control GL_NV_bindless_multi_draw_indirect GL_NV_bindless_multi_draw_indirect_count GL_NV_bindless_texture GL_NV_blend_equation_advanced GL_NV_
blend_equation_advanced_coherent GL_NVX_blend_equation_advanced_multi_draw_buffers GL_NV_blend_minmax_factor GL_NV_blend_square GL_NV_clip_space_w_scaling GL_NV_command_list GL_NV_compute_program5 GL_NV_compute_shader_derivatives GL_NV_conditional_render GL_NV_conservative_raster GL_NV_conservative_raster_dilate GL_NV_conservative_raster_pre_snap GL_NV_conservative_raster_pre_snap_triangles GL_NV_conservative_raster_underestimation GL_NV_copy_depth_to_color GL_NV_copy_image GL_NV_depth_buffer_float GL_NV_depth_clamp GL_NV_draw_texture GL_NV_draw_vulkan_image GL_NV_ES1_1_compatibility GL_NV_ES3_1_compatibility GL_NV_explicit_multisample GL_NV_feature_query GL_NV_fence GL_NV_fill_rectangle GL_NV_float_buffer GL_NV_fog_distance GL_NV_fragment_coverage_to_color GL_NV_fragment_program GL_NV_fragment_program_option GL_NV_fragment_program2 GL_NV_fragment_shader_barycentric GL_NV_fragment_shader_interlock GL_NV_framebuffer_mixed_samples GL_NV_framebuffer_multisample_coverage GL_NV_geometry_shader4 GL_NV_geometry_sha
der_passthrough GL_NV_gpu_program4 GL_NV_internalformat_sample_query GL_NV_gpu_program4_1 GL_NV_gpu_program5 GL_NV_gpu_program5_mem_extended GL_NV_gpu_program_fp64 GL_NV_gpu_shader5 GL_NV_half_float GL_NV_light_max_exponent GL_NV_memory_attachment GL_NV_mesh_shader GL_NV_multisample_coverage GL_NV_multisample_filter_hint GL_NV_occlusion_query GL_NV_packed_depth_stencil GL_NV_parameter_buffer_object GL_NV_parameter_buffer_object2 GL_NV_path_rendering GL_NV_path_rendering_shared_edge GL_NV_pixel_data_range GL_NV_point_sprite GL_NV_primitive_restart GL_NV_primitive_shading_rate GL_NV_query_resource GL_NV_query_resource_tag GL_NV_register_combiners GL_NV_register_combiners2 GL_NV_representative_fragment_test GL_NV_sample_locations GL_NV_sample_mask_override_coverage GL_NV_scissor_exclusive GL_NV_shader_atomic_counters GL_NV_shader_atomic_float GL_NV_shader_atomic_float64 GL_NV_shader_atomic_fp16_vector GL_NV_shader_atomic_int64 GL_NV_shader_buffer_load GL_NV_shader_storage_buffer_object GL_NV_shader_subgroup_par
titioned GL_NV_shader_texture_footprint GL_NV_shading_rate_image GL_NV_stereo_view_rendering GL_NV_texgen_reflection GL_NV_texture_barrier GL_NV_texture_compression_vtc GL_NV_texture_dirty_tile_map GL_NV_texture_env_combine4 GL_NV_texture_multisample GL_NV_texture_rectangle GL_NV_texture_rectangle_compressed GL_NV_texture_shader GL_NV_texture_shader2 GL_NV_texture_shader3 GL_NV_transform_feedback GL_NV_transform_feedback2 GL_NV_uniform_buffer_unified_memory GL_NV_uniform_buffer_std430_layout GL_NV_vdpau_interop GL_NV_vdpau_interop2 GL_NV_vertex_array_range GL_NV_vertex_array_range2 GL_NV_vertex_attrib_integer_64bit GL_NV_vertex_buffer_unified_memory GL_NV_vertex_program GL_NV_vertex_program1_1 GL_NV_vertex_program2 GL_NV_vertex_program2_option GL_NV_vertex_program3 GL_NV_viewport_array2 GL_NV_viewport_swizzle GL_NVX_conditional_render GL_NV_gpu_multicast GL_NVX_progress_fence GL_NVX_gpu_memory_info GL_NVX_nvenc_interop GL_NV_shader_thread_group GL_NV_shader_thread_shuffle GL_KHR_blend_equation_advanced GL_KH
R_blend_equation_advanced_coherent GL_OVR_multiview GL_OVR_multiview2 GL_SGIS_generate_mipmap GL_SGIS_texture_lod GL_SGIX_depth_texture GL_SGIX_shadow GL_SUN_slice_accum
OPENGL LOG: Creating OpenGL 4.5 graphics device ; Context level  <OpenGL 4.5> ; Context handle 1902326664
Initialize mono
Mono path[0] = '/home/claudiu/Unity/Hub/Editor/6000.0.27f1/Editor/Data/Managed'
Mono path[1] = '/home/claudiu/Unity/Hub/Editor/6000.0.27f1/Editor/Data/MonoBleedingEdge/lib/mono/unityjit-linux'
Mono config path = '/home/claudiu/Unity/Hub/Editor/6000.0.27f1/Editor/Data/MonoBleedingEdge/etc'
Using monoOptions --debugger-agent=transport=dt_socket,embedding=1,server=y,suspend=n,address=127.0.0.1:56225
Begin MonoManager ReloadAssembly
Registering precompiled unity dll's ...
Register platform support module: /home/claudiu/Unity/Hub/Editor/6000.0.27f1/Editor/Data/PlaybackEngines/LinuxStandaloneSupport/UnityEditor.LinuxStandalone.Extensions.dll
Registered in 0,001298 seconds.
- Loaded All Assemblies, in  0,177 seconds
Native extension for LinuxStandalone target not found
Mono: successfully reloaded assembly
- Finished resetting the current domain, in  0,231 seconds
Domain Reload Profiling: 408ms
	BeginReloadAssembly (43ms)
		ExecutionOrderSort (0ms)
		DisableScriptedObjects (0ms)
		BackupInstance (0ms)
		ReleaseScriptingObjects (0ms)
		CreateAndSetChildDomain (1ms)
	RebuildCommonClasses (20ms)
	RebuildNativeTypeToScriptingClass (4ms)
	initialDomainReloadingComplete (29ms)
	LoadAllAssembliesAndSetupDomain (81ms)
		LoadAssemblies (42ms)
		RebuildTransferFunctionScriptingTraits (0ms)
		AnalyzeDomain (79ms)
			TypeCache.Refresh (79ms)
				TypeCache.ScanAssembly (71ms)
			BuildScriptInfoCaches (0ms)
			ResolveRequiredComponents (0ms)
	FinalizeReload (231ms)
		ReleaseScriptCaches (0ms)
		RebuildScriptCaches (0ms)
		SetupLoadedEditorAssemblies (196ms)
			LogAssemblyErrors (0ms)
			InitializePlatformSupportModulesInManaged (53ms)
			SetLoadedEditorAssemblies (4ms)
			BeforeProcessingInitializeOnLoad (3ms)
			ProcessInitializeOnLoadAttributes (102ms)
			ProcessInitializeOnLoadMethodAttributes (32ms)
			AfterProcessingInitializeOnLoad (1ms)
			EditorAssembliesLoaded (0ms)
		ExecutionOrderSort2 (0ms)
		AwakeInstancesAfterBackupRestoration (0ms)
========================================================================
Worker process is ready to serve import requests
Import Worker Mode flag is 0x00
Begin MonoManager ReloadAssembly
Symbol file LoadedFromMemory is not a mono symbol file
- Loaded All Assemblies, in  0,587 seconds
Refreshing native plugins compatible for Editor in 0,76 ms, found 0 plugins.
Native extension for LinuxStandalone target not found
Refreshing native plugins compatible for Editor in 0,83 ms, found 0 plugins.
Mono: successfully reloaded assembly
- Finished resetting the current domain, in  0,838 seconds
Domain Reload Profiling: 1424ms
	BeginReloadAssembly (175ms)
		ExecutionOrderSort (0ms)
		DisableScriptedObjects (3ms)
		BackupInstance (0ms)
		ReleaseScriptingObjects (0ms)
		CreateAndSetChildDomain (21ms)
	RebuildCommonClasses (20ms)
	RebuildNativeTypeToScriptingClass (4ms)
	initialDomainReloadingComplete (24ms)
	LoadAllAssembliesAndSetupDomain (362ms)
		LoadAssemblies (190ms)
		RebuildTransferFunctionScriptingTraits (0ms)
		AnalyzeDomain (205ms)
			TypeCache.Refresh (134ms)
				TypeCache.ScanAssembly (121ms)
			BuildScriptInfoCaches (62ms)
			ResolveRequiredComponents (7ms)
	FinalizeReload (838ms)
		ReleaseScriptCaches (0ms)
		RebuildScriptCaches (0ms)
		SetupLoadedEditorAssemblies (684ms)
			LogAssemblyErrors (0ms)
			InitializePlatformSupportModulesInManaged (26ms)
			SetLoadedEditorAssemblies (3ms)
			BeforeProcessingInitializeOnLoad (52ms)
			ProcessInitializeOnLoadAttributes (302ms)
			ProcessInitializeOnLoadMethodAttributes (297ms)
			AfterProcessingInitializeOnLoad (4ms)
			EditorAssembliesLoaded (0ms)
		ExecutionOrderSort2 (0ms)
		AwakeInstancesAfterBackupRestoration (2ms)
AutoLocale: current locale expects 'C' but got 'ro_RO.UTF-8'
Launched and connected shader compiler UnityShaderCompiler after 0.01 seconds
Refreshing native plugins compatible for Editor in 0.88 ms, found 0 plugins.
Preloading 0 native plugins for Editor in 0.00 ms.
Unloading 221 Unused Serialized files (Serialized files now loaded: 0)
Unloading 10437 unused Assets / (6.9 MB). Loaded Objects now: 11286.
Memory consumption went from 308.0 MB to 301.0 MB.
Total: 12.345540 ms (FindLiveObjects: 0.615406 ms CreateObjectMapping: 0.640442 ms MarkObjects: 7.424336 ms  DeleteObjects: 3.664575 ms)

========================================================================
Received Import Request.
  Time since last request: 706.882179 seconds.
  path: Assets/Prefabs/Base/Hero.prefab
  artifactKey: Guid(c034c721ba32b6db584926ff7c0bf274) Importer(815301076,1909f56bfc062723c751e8b465ee728b)
Start importing Assets/Prefabs/Base/Hero.prefab using Guid(c034c721ba32b6db584926ff7c0bf274) Importer(815301076,1909f56bfc062723c751e8b465ee728b) (PreviewImporter) -> (artifact id: 'b8e1ecfa08ed8a402e3cff148363dd6c') in 0.532938203 seconds
Number of updated asset objects reloaded before import = 0Number of asset objects unloaded after import = 3142

========================================================================
Received Import Request.
  Time since last request: 501.979257 seconds.
  path: Assets/Plugins/GameCreator/Installs/Inventory.Items@1.2.12/_Prefabs/Pickups/_Templates/_Template_Pickup_Item.prefab
  artifactKey: Guid(a7556ad43785f41b09534739570ecac5) Importer(815301076,1909f56bfc062723c751e8b465ee728b)
Start importing Assets/Plugins/GameCreator/Installs/Inventory.Items@1.2.12/_Prefabs/Pickups/_Templates/_Template_Pickup_Item.prefab using Guid(a7556ad43785f41b09534739570ecac5) Importer(815301076,1909f56bfc062723c751e8b465ee728b) (PreviewImporter) -> (artifact id: 'b26a5292ddcb7ed2ca5e9d48c18b9f9c') in 0.017561328 seconds
Number of updated asset objects reloaded before import = 0Number of asset objects unloaded after import = 42

========================================================================
Received Import Request.
  Time since last request: 0.000018 seconds.
  path: Assets/Animations/TransformAnimation SxB_V2/Animation/Blades2Sword_Transform/Inplace/Blades2Sword_Transform_01_Inplace.FBX
  artifactKey: Guid(2aed10dbcf5e0724d94b4c21292c8fea) Importer(815301076,1909f56bfc062723c751e8b465ee728b)
Start importing Assets/Animations/TransformAnimation SxB_V2/Animation/Blades2Sword_Transform/Inplace/Blades2Sword_Transform_01_Inplace.FBX using Guid(2aed10dbcf5e0724d94b4c21292c8fea) Importer(815301076,1909f56bfc062723c751e8b465ee728b) (PreviewImporter) -> (artifact id: '9ccc1002a7723de11339d119f6435e96') in 0.0046828 seconds
Number of updated asset objects reloaded before import = 0Number of asset objects unloaded after import = 125

========================================================================
Received Import Request.
  Time since last request: 0.000015 seconds.
  path: Assets/Animations/TransformAnimation SxB_V2/Animation/Blades2Sword_Transform/Inplace/Blades2Sword_Transform_02_Inplace.FBX
  artifactKey: Guid(7b6ddcb9d4774fa4784fa030d8e7b9f0) Importer(815301076,1909f56bfc062723c751e8b465ee728b)
Start importing Assets/Animations/TransformAnimation SxB_V2/Animation/Blades2Sword_Transform/Inplace/Blades2Sword_Transform_02_Inplace.FBX using Guid(7b6ddcb9d4774fa4784fa030d8e7b9f0) Importer(815301076,1909f56bfc062723c751e8b465ee728b) (PreviewImporter) -> (artifact id: '6be38ad2260e725fea2c60fffe7378ed') in 0.004991732 seconds
Number of updated asset objects reloaded before import = 0Number of asset objects unloaded after import = 125

========================================================================
Received Import Request.
  Time since last request: 0.000012 seconds.
  path: Assets/Animations/TransformAnimation SxB_V2/Animation/Blades2Sword_Transform/Inplace/Blades2Sword_Transform_Attack01_Inplace.FBX
  artifactKey: Guid(e363adbace014724b8d11aa553873cc4) Importer(815301076,1909f56bfc062723c751e8b465ee728b)
Start importing Assets/Animations/TransformAnimation SxB_V2/Animation/Blades2Sword_Transform/Inplace/Blades2Sword_Transform_Attack01_Inplace.FBX using Guid(e363adbace014724b8d11aa553873cc4) Importer(815301076,1909f56bfc062723c751e8b465ee728b) (PreviewImporter) -> (artifact id: '15bc1e4a56d1c4ce1e20aed0dd77e3bc') in 0.065059109 seconds
Number of updated asset objects reloaded before import = 0Number of asset objects unloaded after import = 125

========================================================================
Received Import Request.
  Time since last request: 0.000012 seconds.
  path: Assets/Plugins/GameCreator/Installs/Inventory.Examples@1.5.12/_Prefabs/Shared/Chest_Template.prefab
  artifactKey: Guid(d0b9285e7ffaf451e9ec0170bffd20e4) Importer(815301076,1909f56bfc062723c751e8b465ee728b)
Start importing Assets/Plugins/GameCreator/Installs/Inventory.Examples@1.5.12/_Prefabs/Shared/Chest_Template.prefab using Guid(d0b9285e7ffaf451e9ec0170bffd20e4) Importer(815301076,1909f56bfc062723c751e8b465ee728b) (PreviewImporter) -> (artifact id: '6e5c5a5e4ab280fd6964a346bd794c40') in 0.799082989 seconds
Number of updated asset objects reloaded before import = 0Number of asset objects unloaded after import = 249

========================================================================
Received Import Request.
  Time since last request: 0.000028 seconds.
  path: Assets/Plugins/GameCreator/Installs/GameCreator.Examples@1.9.26/1 - Characters/5_Footsteps/Footsteps_Example.asset
  artifactKey: Guid(d4670367362894f3cb55dadc640833ed) Importer(815301076,1909f56bfc062723c751e8b465ee728b)
Start importing Assets/Plugins/GameCreator/Installs/GameCreator.Examples@1.9.26/1 - Characters/5_Footsteps/Footsteps_Example.asset using Guid(d4670367362894f3cb55dadc640833ed) Importer(815301076,1909f56bfc062723c751e8b465ee728b) (PreviewImporter) -> (artifact id: 'c12b06e9436b0df1ae91df76aec28f10') in 0.004942915 seconds
Number of updated asset objects reloaded before import = 0Number of asset objects unloaded after import = 23

========================================================================
Received Import Request.
  Time since last request: 0.000021 seconds.
  path: Assets/Animations/TransformAnimation SxB_V2/Animation/Blades2Sword_Transform/Inplace/Blades2Sword_Transform_Attack02_Inplace.FBX
  artifactKey: Guid(77b61fbd1349b2a4f968cc7a23f0271f) Importer(815301076,1909f56bfc062723c751e8b465ee728b)
Start importing Assets/Animations/TransformAnimation SxB_V2/Animation/Blades2Sword_Transform/Inplace/Blades2Sword_Transform_Attack02_Inplace.FBX using Guid(77b61fbd1349b2a4f968cc7a23f0271f) Importer(815301076,1909f56bfc062723c751e8b465ee728b) (PreviewImporter) -> (artifact id: '618238c4e8812771e392668b65fdde40') in 0.065933992 seconds
Number of updated asset objects reloaded before import = 0Number of asset objects unloaded after import = 125

========================================================================
Received Import Request.
  Time since last request: 0.000013 seconds.
  path: Assets/Plugins/GameCreator/Installs/Inventory.UI@1.3.11/_Audio/Forge_Craft_Complete.wav
  artifactKey: Guid(117b6e8c998da48a38a8e16a65eaafd8) Importer(815301076,1909f56bfc062723c751e8b465ee728b)
Start importing Assets/Plugins/GameCreator/Installs/Inventory.UI@1.3.11/_Audio/Forge_Craft_Complete.wav using Guid(117b6e8c998da48a38a8e16a65eaafd8) Importer(815301076,1909f56bfc062723c751e8b465ee728b) (PreviewImporter) -> (artifact id: '0f0700bdd19356d6be6f99f8937dbfe1') in 0.120613967 seconds
Number of updated asset objects reloaded before import = 0Number of asset objects unloaded after import = 2

========================================================================
Received Import Request.
  Time since last request: 0.000031 seconds.
  path: Assets/Assets/PolygonSimpleApocalypse/Prefabs/FX/FX_BloodSplatter.prefab
  artifactKey: Guid(8c27aeead6d968e4ba986702d6b84335) Importer(815301076,1909f56bfc062723c751e8b465ee728b)
Start importing Assets/Assets/PolygonSimpleApocalypse/Prefabs/FX/FX_BloodSplatter.prefab using Guid(8c27aeead6d968e4ba986702d6b84335) Importer(815301076,1909f56bfc062723c751e8b465ee728b) (PreviewImporter) -> (artifact id: '98cadfcbd32f3a38683ce23a400bc671') in 0.007773649 seconds
Number of updated asset objects reloaded before import = 0Number of asset objects unloaded after import = 6

========================================================================
Received Import Request.
  Time since last request: 0.000019 seconds.
  path: Assets/Assets/PolygonSimpleApocalypse/Prefabs/FX/FX_DirtSplatter.prefab
  artifactKey: Guid(834c99069a124aa439d5795c3579843b) Importer(815301076,1909f56bfc062723c751e8b465ee728b)
Start importing Assets/Assets/PolygonSimpleApocalypse/Prefabs/FX/FX_DirtSplatter.prefab using Guid(834c99069a124aa439d5795c3579843b) Importer(815301076,1909f56bfc062723c751e8b465ee728b) (PreviewImporter) -> (artifact id: 'e992f3142c33e31996a661ba08f7f474') in 0.00350334 seconds
Number of updated asset objects reloaded before import = 0Number of asset objects unloaded after import = 6

========================================================================
Received Import Request.
  Time since last request: 0.000012 seconds.
  path: Assets/Animations/DoubleL/Enemy Attack/Enemy_Attack_1_Run_InPlace.fbx
  artifactKey: Guid(2cefd7ad8b22a354781ccd86e14b22d0) Importer(815301076,1909f56bfc062723c751e8b465ee728b)
Start importing Assets/Animations/DoubleL/Enemy Attack/Enemy_Attack_1_Run_InPlace.fbx using Guid(2cefd7ad8b22a354781ccd86e14b22d0) Importer(815301076,1909f56bfc062723c751e8b465ee728b) (PreviewImporter) -> (artifact id: '21740e2649c479ced14af09d9582e47c') in 0.075421603 seconds
Number of updated asset objects reloaded before import = 0Number of asset objects unloaded after import = 145

========================================================================
Received Import Request.
  Time since last request: 0.000013 seconds.
  path: Assets/Assets/PolygonSimpleApocalypse/FX/FX_DirtSplatter.prefab
  artifactKey: Guid(48a83667d6d13e14ab5bc0aefb0a6a07) Importer(815301076,1909f56bfc062723c751e8b465ee728b)
Start importing Assets/Assets/PolygonSimpleApocalypse/FX/FX_DirtSplatter.prefab using Guid(48a83667d6d13e14ab5bc0aefb0a6a07) Importer(815301076,1909f56bfc062723c751e8b465ee728b) (PreviewImporter) -> (artifact id: '65326e68fedeba6347db204e8aa8ed54') in 0.031326788 seconds
Number of updated asset objects reloaded before import = 0Number of asset objects unloaded after import = 7

========================================================================
Received Import Request.
  Time since last request: 0.000013 seconds.
  path: Assets/Assets/PolygonSimpleApocalypse/Prefabs/FX/FX_Explosion_Rubble.prefab
  artifactKey: Guid(079954accd64b32419ec069129c81273) Importer(815301076,1909f56bfc062723c751e8b465ee728b)
Start importing Assets/Assets/PolygonSimpleApocalypse/Prefabs/FX/FX_Explosion_Rubble.prefab using Guid(079954accd64b32419ec069129c81273) Importer(815301076,1909f56bfc062723c751e8b465ee728b) (PreviewImporter) -> (artifact id: 'd7dfc90a33ddc11a7ed85e115d2a3663') in 0.258886173 seconds
Number of updated asset objects reloaded before import = 0Number of asset objects unloaded after import = 17

========================================================================
Received Import Request.
  Time since last request: 0.000018 seconds.
  path: Assets/Assets/PolygonSimpleApocalypse/FX/FX_WaterSplash.prefab
  artifactKey: Guid(cda7c4d5ffb811d43966bc10e823bcc2) Importer(815301076,1909f56bfc062723c751e8b465ee728b)
Start importing Assets/Assets/PolygonSimpleApocalypse/FX/FX_WaterSplash.prefab using Guid(cda7c4d5ffb811d43966bc10e823bcc2) Importer(815301076,1909f56bfc062723c751e8b465ee728b) (PreviewImporter) -> (artifact id: '4e615a192e4e715b581c5a753679dd5e') in 0.070063261 seconds
Number of updated asset objects reloaded before import = 0Number of asset objects unloaded after import = 8

========================================================================
Received Import Request.
  Time since last request: 0.000024 seconds.
  path: Assets/Animations/DoubleL/Hit/Hit_F_1_InPlace.fbx
  artifactKey: Guid(7042460e2d1c99249818b6e9e3b741e3) Importer(815301076,1909f56bfc062723c751e8b465ee728b)
Start importing Assets/Animations/DoubleL/Hit/Hit_F_1_InPlace.fbx using Guid(7042460e2d1c99249818b6e9e3b741e3) Importer(815301076,1909f56bfc062723c751e8b465ee728b) (PreviewImporter) -> (artifact id: '66256a2980edb01688948aeb5af807d2') in 0.081408551 seconds
Number of updated asset objects reloaded before import = 0Number of asset objects unloaded after import = 145

========================================================================
Received Import Request.
  Time since last request: 0.028977 seconds.
  path: Assets/Plugins/GameCreator/Packages/Core/Editor/Hub/Windows/Stylesheets/HubExplorerWindow.uss
  artifactKey: Guid(9337fe5423e24d18857cffc79dfd54ff) Importer(815301076,1909f56bfc062723c751e8b465ee728b)
Start importing Assets/Plugins/GameCreator/Packages/Core/Editor/Hub/Windows/Stylesheets/HubExplorerWindow.uss using Guid(9337fe5423e24d18857cffc79dfd54ff) Importer(815301076,1909f56bfc062723c751e8b465ee728b) (PreviewImporter) -> (artifact id: 'fc61162bf2433249e4e72185ccca0684') in 0.004370792 seconds
Number of updated asset objects reloaded before import = 0Number of asset objects unloaded after import = 1

========================================================================
Received Import Request.
  Time since last request: 0.000015 seconds.
  path: Assets/Animations/DoubleL/Hit/Hit_F_2_InPlace.fbx
  artifactKey: Guid(4c3091a2fde3e6843af12d8717f0ba89) Importer(815301076,1909f56bfc062723c751e8b465ee728b)
Start importing Assets/Animations/DoubleL/Hit/Hit_F_2_InPlace.fbx using Guid(4c3091a2fde3e6843af12d8717f0ba89) Importer(815301076,1909f56bfc062723c751e8b465ee728b) (PreviewImporter) -> (artifact id: '9bd8e6f6854d3092ff96b898c086c557') in 0.003655344 seconds
Number of updated asset objects reloaded before import = 0Number of asset objects unloaded after import = 145

========================================================================
Received Import Request.
  Time since last request: 0.000015 seconds.
  path: Assets/Plugins/GameCreator/Packages/Inventory/Examples/Inventory.Examples/Inventory.Examples.asset
  artifactKey: Guid(785b6ce9062354647a130f38ca2d8cee) Importer(815301076,1909f56bfc062723c751e8b465ee728b)
Start importing Assets/Plugins/GameCreator/Packages/Inventory/Examples/Inventory.Examples/Inventory.Examples.asset using Guid(785b6ce9062354647a130f38ca2d8cee) Importer(815301076,1909f56bfc062723c751e8b465ee728b) (PreviewImporter) -> (artifact id: '6534e61ca8e11fd418e8a7f4c12e2500') in 0.000832327 seconds
Number of updated asset objects reloaded before import = 0Number of asset objects unloaded after import = 1

========================================================================
Received Import Request.
  Time since last request: 0.000015 seconds.
  path: Assets/Animations/DoubleL/Actions/Ladder/Ladder_Down_Play.fbx
  artifactKey: Guid(d84bc28b47068c74388dbaf597e607d6) Importer(815301076,1909f56bfc062723c751e8b465ee728b)
Start importing Assets/Animations/DoubleL/Actions/Ladder/Ladder_Down_Play.fbx using Guid(d84bc28b47068c74388dbaf597e607d6) Importer(815301076,1909f56bfc062723c751e8b465ee728b) (PreviewImporter) -> (artifact id: '7559965b4201e57d1dc17cea3553c8e4') in 0.049666482 seconds
Number of updated asset objects reloaded before import = 0Number of asset objects unloaded after import = 145

========================================================================
Received Import Request.
  Time since last request: 0.000020 seconds.
  path: Assets/Animations/DoubleL/Actions/Ladder/Ladder_Down_Play_InPlace.fbx
  artifactKey: Guid(2c9ddb8016065d1458be4b9f02c52df5) Importer(815301076,1909f56bfc062723c751e8b465ee728b)
Start importing Assets/Animations/DoubleL/Actions/Ladder/Ladder_Down_Play_InPlace.fbx using Guid(2c9ddb8016065d1458be4b9f02c52df5) Importer(815301076,1909f56bfc062723c751e8b465ee728b) (PreviewImporter) -> (artifact id: '57374772a7178513e756e7ab91cdca0b') in 0.022073999 seconds
Number of updated asset objects reloaded before import = 0Number of asset objects unloaded after import = 145

========================================================================
Received Import Request.
  Time since last request: 0.000023 seconds.
  path: Assets/Assets/PolygonSimpleApocalypse/FX/FX_BloodSplatter.prefab
  artifactKey: Guid(bb954c7832c9a9845b017b284d33fbc8) Importer(815301076,1909f56bfc062723c751e8b465ee728b)
Start importing Assets/Assets/PolygonSimpleApocalypse/FX/FX_BloodSplatter.prefab using Guid(bb954c7832c9a9845b017b284d33fbc8) Importer(815301076,1909f56bfc062723c751e8b465ee728b) (PreviewImporter) -> (artifact id: 'cc79617ae2aabf226be3840be61e65b0') in 0.003791158 seconds
Number of updated asset objects reloaded before import = 0Number of asset objects unloaded after import = 7

========================================================================
Received Import Request.
  Time since last request: 0.000013 seconds.
  path: Assets/Assets/PolygonSimpleApocalypse/Prefabs/FX/FX_WaterSplash.prefab
  artifactKey: Guid(e49403f034d74ee44aa8a41b0ee4abfd) Importer(815301076,1909f56bfc062723c751e8b465ee728b)
Start importing Assets/Assets/PolygonSimpleApocalypse/Prefabs/FX/FX_WaterSplash.prefab using Guid(e49403f034d74ee44aa8a41b0ee4abfd) Importer(815301076,1909f56bfc062723c751e8b465ee728b) (PreviewImporter) -> (artifact id: 'eaefd91be52c0a5eac71c155251f1c9a') in 0.003937049 seconds
Number of updated asset objects reloaded before import = 0Number of asset objects unloaded after import = 8

========================================================================
Received Import Request.
  Time since last request: 0.000014 seconds.
  path: Assets/Assets/PolygonHeist/Prefab/FX/Explosion_Smoke_FX.prefab
  artifactKey: Guid(53777b8572d1e7242bc90044f62667ce) Importer(815301076,1909f56bfc062723c751e8b465ee728b)
Start importing Assets/Assets/PolygonHeist/Prefab/FX/Explosion_Smoke_FX.prefab using Guid(53777b8572d1e7242bc90044f62667ce) Importer(815301076,1909f56bfc062723c751e8b465ee728b) (PreviewImporter) -> (artifact id: '727c12bdf83c193eabbeb57c6e587e21') in 0.067747477 seconds
Number of updated asset objects reloaded before import = 0Number of asset objects unloaded after import = 16

========================================================================
Received Import Request.
  Time since last request: 0.000013 seconds.
  path: Assets/Assets/PolygonSimpleApocalypse/FX/FX_Explosion_Rubble.prefab
  artifactKey: Guid(3ada67b7fad601e498038e8679ab5aac) Importer(815301076,1909f56bfc062723c751e8b465ee728b)
Start importing Assets/Assets/PolygonSimpleApocalypse/FX/FX_Explosion_Rubble.prefab using Guid(3ada67b7fad601e498038e8679ab5aac) Importer(815301076,1909f56bfc062723c751e8b465ee728b) (PreviewImporter) -> (artifact id: '770779a3f208783968a385f551ff1891') in 0.016741397 seconds
Number of updated asset objects reloaded before import = 0Number of asset objects unloaded after import = 18

========================================================================
Received Import Request.
  Time since last request: 0.000017 seconds.
  path: Assets/Animations/DoubleL/Actions/Ladder/Ladder_Down_End_InPlace.fbx
  artifactKey: Guid(5c9ede8da40fb8c4f8aac376fe66a099) Importer(815301076,1909f56bfc062723c751e8b465ee728b)
Start importing Assets/Animations/DoubleL/Actions/Ladder/Ladder_Down_End_InPlace.fbx using Guid(5c9ede8da40fb8c4f8aac376fe66a099) Importer(815301076,1909f56bfc062723c751e8b465ee728b) (PreviewImporter) -> (artifact id: '1b73f35c0ec5810b0a8f93d7308c59f9') in 0.059805791 seconds
Number of updated asset objects reloaded before import = 0Number of asset objects unloaded after import = 145

========================================================================
Received Import Request.
  Time since last request: 0.000018 seconds.
  path: Assets/Animations/DoubleL/Enemy Attack/Enemy_Attack_1_InPlace.fbx
  artifactKey: Guid(a1ff31df15966b147a6e4ce696b9a904) Importer(815301076,1909f56bfc062723c751e8b465ee728b)
Start importing Assets/Animations/DoubleL/Enemy Attack/Enemy_Attack_1_InPlace.fbx using Guid(a1ff31df15966b147a6e4ce696b9a904) Importer(815301076,1909f56bfc062723c751e8b465ee728b) (PreviewImporter) -> (artifact id: 'ddbd7ff12260fa9fa1b1cb7c36acaa7d') in 0.092254116 seconds
Number of updated asset objects reloaded before import = 0Number of asset objects unloaded after import = 145

========================================================================
Received Import Request.
  Time since last request: 0.000026 seconds.
  path: Assets/Animations/DoubleL/Actions/Ladder/Ladder_Up_Play_InPlace.fbx
  artifactKey: Guid(3f1bd44a67d3ebc41a0673c95391a4fe) Importer(815301076,1909f56bfc062723c751e8b465ee728b)
Start importing Assets/Animations/DoubleL/Actions/Ladder/Ladder_Up_Play_InPlace.fbx using Guid(3f1bd44a67d3ebc41a0673c95391a4fe) Importer(815301076,1909f56bfc062723c751e8b465ee728b) (PreviewImporter) -> (artifact id: '593a58861276d1ad29ae7a5d0b363573') in 0.032783538 seconds
Number of updated asset objects reloaded before import = 0Number of asset objects unloaded after import = 145

========================================================================
Received Import Request.
  Time since last request: 0.000014 seconds.
  path: Assets/Plugins/GameCreator/Installs/GameCreator.Characters@1.7.23/Player_FPS.prefab
  artifactKey: Guid(ecf3052319e0149fd91f5aa3b083dd31) Importer(815301076,1909f56bfc062723c751e8b465ee728b)
Start importing Assets/Plugins/GameCreator/Installs/GameCreator.Characters@1.7.23/Player_FPS.prefab using Guid(ecf3052319e0149fd91f5aa3b083dd31) Importer(815301076,1909f56bfc062723c751e8b465ee728b) (PreviewImporter) -> (artifact id: 'f29aff8afde8bedc7bf6af5582a18a24') in 2.560579494 seconds
Number of updated asset objects reloaded before import = 0Number of asset objects unloaded after import = 545

========================================================================
Received Import Request.
  Time since last request: 0.000033 seconds.
  path: Assets/Animations/Kevin Iglesias/Basic Motions/DemoScene/AnimatorControllers/PlayableCharacterDummy02.overrideController
  artifactKey: Guid(1821e5d6b0dd856428da7fa42f77ed24) Importer(815301076,1909f56bfc062723c751e8b465ee728b)
Start importing Assets/Animations/Kevin Iglesias/Basic Motions/DemoScene/AnimatorControllers/PlayableCharacterDummy02.overrideController using Guid(1821e5d6b0dd856428da7fa42f77ed24) Importer(815301076,1909f56bfc062723c751e8b465ee728b) (PreviewImporter) -> (artifact id: '069d0877a57e91b6090325020809a309') in 1.680893744 seconds
Number of updated asset objects reloaded before import = 0Number of asset objects unloaded after import = 154

========================================================================
Received Import Request.
  Time since last request: 712.731665 seconds.
  path: Assets/Prefabs/Base/Hero.prefab
  artifactKey: Guid(c034c721ba32b6db584926ff7c0bf274) Importer(815301076,1909f56bfc062723c751e8b465ee728b)
Start importing Assets/Prefabs/Base/Hero.prefab using Guid(c034c721ba32b6db584926ff7c0bf274) Importer(815301076,1909f56bfc062723c751e8b465ee728b) (PreviewImporter) -> (artifact id: '7ef5b80265f0f4e4af087aebda8ae7e4') in 0.061418237 seconds
Number of updated asset objects reloaded before import = 0Number of asset objects unloaded after import = 3148

========================================================================
Received Import Request.
  Time since last request: 2564.036135 seconds.
  path: Assets/UI
  artifactKey: Guid(508f3cf7099bdc81e9826c7e8eae3d03) Importer(815301076,1909f56bfc062723c751e8b465ee728b)
Start importing Assets/UI using Guid(508f3cf7099bdc81e9826c7e8eae3d03) Importer(815301076,1909f56bfc062723c751e8b465ee728b) (PreviewImporter) -> (artifact id: '4f8f9aa2ab86027a073fc71bad63c2cb') in 0.000326102 seconds
Number of updated asset objects reloaded before import = 0Number of asset objects unloaded after import = 0

========================================================================
Received Import Request.
  Time since last request: 34.933302 seconds.
  path: Assets/04UI
  artifactKey: Guid(508f3cf7099bdc81e9826c7e8eae3d03) Importer(815301076,1909f56bfc062723c751e8b465ee728b)
Start importing Assets/04UI using Guid(508f3cf7099bdc81e9826c7e8eae3d03) Importer(815301076,1909f56bfc062723c751e8b465ee728b) (PreviewImporter) -> (artifact id: 'af8c6c7807de056a0651ab9d8347e686') in 0.000250299 seconds
Number of updated asset objects reloaded before import = 0Number of asset objects unloaded after import = 0

========================================================================
Received Import Request.
  Time since last request: 85.180351 seconds.
  path: Assets/04UI/Base.renderTexture
  artifactKey: Guid(a2544c7c1433741398ed8a251f2ca84e) Importer(815301076,1909f56bfc062723c751e8b465ee728b)
Start importing Assets/04UI/Base.renderTexture using Guid(a2544c7c1433741398ed8a251f2ca84e) Importer(815301076,1909f56bfc062723c751e8b465ee728b) (PreviewImporter) -> (artifact id: 'f814b8e2f57ac673cb9f53227a6731e6') in 0.010615274 seconds
Number of updated asset objects reloaded before import = 0Number of asset objects unloaded after import = 2

========================================================================
Received Import Request.
  Time since last request: 28.818646 seconds.
  path: Assets/04UI/Base-Female.renderTexture
  artifactKey: Guid(a2544c7c1433741398ed8a251f2ca84e) Importer(815301076,1909f56bfc062723c751e8b465ee728b)
Start importing Assets/04UI/Base-Female.renderTexture using Guid(a2544c7c1433741398ed8a251f2ca84e) Importer(815301076,1909f56bfc062723c751e8b465ee728b) (PreviewImporter) -> (artifact id: '362bf9f1ce8011ad193b9dbc40ebe202') in 0.005677082 seconds
Number of updated asset objects reloaded before import = 0Number of asset objects unloaded after import = 2

========================================================================
Received Import Request.
  Time since last request: 1.404700 seconds.
  path: Assets/04UI/Base-Female 1.renderTexture
  artifactKey: Guid(a2ec7d3bb865cd1e3aa60bb5f2394434) Importer(815301076,1909f56bfc062723c751e8b465ee728b)
Start importing Assets/04UI/Base-Female 1.renderTexture using Guid(a2ec7d3bb865cd1e3aa60bb5f2394434) Importer(815301076,1909f56bfc062723c751e8b465ee728b) (PreviewImporter) -> (artifact id: '5d96bc7e72d3839605283be9846804b7') in 0.005686959 seconds
Number of updated asset objects reloaded before import = 0Number of asset objects unloaded after import = 2

========================================================================
Received Import Request.
  Time since last request: 15.091514 seconds.
  path: Assets/04UI/Base-Male.renderTexture
  artifactKey: Guid(a2ec7d3bb865cd1e3aa60bb5f2394434) Importer(815301076,1909f56bfc062723c751e8b465ee728b)
Start importing Assets/04UI/Base-Male.renderTexture using Guid(a2ec7d3bb865cd1e3aa60bb5f2394434) Importer(815301076,1909f56bfc062723c751e8b465ee728b) (PreviewImporter) -> (artifact id: '65786d7c21d41bf977a8affb553f48b4') in 0.003445353 seconds
Number of updated asset objects reloaded before import = 0Number of asset objects unloaded after import = 2

========================================================================
Received Import Request.
  Time since last request: 172.788682 seconds.
  path: Assets/04UI/Base-Hero.renderTexture
  artifactKey: Guid(bc3298c8cc8415c8bb6e4ed04ab3aa76) Importer(815301076,1909f56bfc062723c751e8b465ee728b)
Start importing Assets/04UI/Base-Hero.renderTexture using Guid(bc3298c8cc8415c8bb6e4ed04ab3aa76) Importer(815301076,1909f56bfc062723c751e8b465ee728b) (PreviewImporter) -> (artifact id: 'f3088d6d6169eb973014791bb9e833bf') in 0.010541845 seconds
Number of updated asset objects reloaded before import = 0Number of asset objects unloaded after import = 2

