Unity Editor version:    6000.0.27f1 (27c554a2199c)
Branch:                  6000.0/staging
Build type:              Release
Batch mode:              YES
System name:             Linux
Distro version:          #52-Ubuntu SMP PREEMPT_DYNAMIC Thu Dec  5 13:09:44 UTC 2024
Kernel version:          6.8.0-51-generic
Architecture:            x86_64
Available memory:        64066 MB
Using pre-set license
Pro License: YES
The selected window backend is (null) 
Desktop is 2560 x 1440 @ 60 Hz
Initialize udev device monitor.

COMMAND LINE ARGUMENTS:
Unity
-adb2
-batchMode
-noUpm
-name
AssetImportWorker6
-projectPath
/media/claudiu/Drive D/Dropbox/My Games/CV Games/Unity - Game Creator Tutorial Linux/Game Creator 2 Tut
-logFile
Logs/AssetImportWorker6.log
-srvPort
40947
-job-worker-count
13
-background-job-worker-count
8
-asset-garbage-collectors
1
Successfully changed project path to: /media/claudiu/Drive D/Dropbox/My Games/CV Games/Unity - Game Creator Tutorial Linux/Game Creator 2 Tut

(Unity:5200): Gtk-CRITICAL **: 05:57:35.682: gtk_label_set_markup: assertion 'GTK_IS_LABEL (label)' failed

(Unity:5200): Gtk-CRITICAL **: 05:57:35.715: gtk_label_set_markup: assertion 'GTK_IS_LABEL (label)' failed
/media/claudiu/Drive D/Dropbox/My Games/CV Games/Unity - Game Creator Tutorial Linux/Game Creator 2 Tut
[UnityMemory] Configuration Parameters - Can be set up in boot.config
    "memorysetup-bucket-allocator-granularity=16"
    "memorysetup-bucket-allocator-bucket-count=8"
    "memorysetup-bucket-allocator-block-size=33554432"
    "memorysetup-bucket-allocator-block-count=8"
    "memorysetup-main-allocator-block-size=16777216"
    "memorysetup-thread-allocator-block-size=16777216"
    "memorysetup-gfx-main-allocator-block-size=16777216"
    "memorysetup-gfx-thread-allocator-block-size=16777216"
    "memorysetup-cache-allocator-block-size=4194304"
    "memorysetup-typetree-allocator-block-size=2097152"
    "memorysetup-profiler-bucket-allocator-granularity=16"
    "memorysetup-profiler-bucket-allocator-bucket-count=8"
    "memorysetup-profiler-bucket-allocator-block-size=33554432"
    "memorysetup-profiler-bucket-allocator-block-count=8"
    "memorysetup-profiler-allocator-block-size=16777216"
    "memorysetup-profiler-editor-allocator-block-size=1048576"
    "memorysetup-temp-allocator-size-main=16777216"
    "memorysetup-job-temp-allocator-block-size=2097152"
    "memorysetup-job-temp-allocator-block-size-background=1048576"
    "memorysetup-job-temp-allocator-reduction-small-platforms=262144"
    "memorysetup-allocator-temp-initial-block-size-main=262144"
    "memorysetup-allocator-temp-initial-block-size-worker=262144"
    "memorysetup-temp-allocator-size-background-worker=32768"
    "memorysetup-temp-allocator-size-job-worker=262144"
    "memorysetup-temp-allocator-size-preload-manager=33554432"
    "memorysetup-temp-allocator-size-nav-mesh-worker=65536"
    "memorysetup-temp-allocator-size-audio-worker=65536"
    "memorysetup-temp-allocator-size-cloud-worker=32768"
    "memorysetup-temp-allocator-size-gi-baking-worker=262144"
    "memorysetup-temp-allocator-size-gi-baking-worker=262144"
    "memorysetup-temp-allocator-size-gi-baking-worker=262144"
    "memorysetup-temp-allocator-size-gi-baking-worker=262144"
    "memorysetup-temp-allocator-size-gi-baking-worker=262144"
    "memorysetup-temp-allocator-size-gfx=262144"
Player connection [126654269297984]  Target information:

Player connection [126654269297984]  * "[IP] 192.168.100.104 [Port] 0 [Flags] 2 [Guid] 1490872914 [EditorId] 1490872914 [Version] 1048832 [Id] LinuxEditor(16,192.168.100.104) [Debug] 1 [PackageName] LinuxEditor [ProjectName] Editor" 

Player connection [126654269297984] Host joined multi-casting on [225.0.0.222:54997]...
Player connection [126654269297984] Host joined alternative multi-casting on [225.0.0.222:34997]...
JobSystem: Creating JobQueue using job-worker-count value 13
[Physics::Module] Initialized fallback backend.
[Physics::Module] Id: 0xdecafbad
Library Redirect Path: Library/
[Physics::Module] Selected backend.
[Physics::Module] Name: PhysX
[Physics::Module] Id: 0xf2b8ea05
[Physics::Module] SDK Version: 4.1.2
[Physics::Module] Integration Version: 1.0.0
[Physics::Module] Threading Mode: Multi-Threaded
Refreshing native plugins compatible for Editor in 0,82 ms, found 0 plugins.
Preloading 0 native plugins for Editor in 0,00 ms.
Initialize engine version: 6000.0.27f1 (27c554a2199c)
[Subsystems] Discovering subsystems at path /home/claudiu/Unity/Hub/Editor/6000.0.27f1/Editor/Data/Resources/UnitySubsystems
[Subsystems] Discovering subsystems at path /media/claudiu/Drive D/Dropbox/My Games/CV Games/Unity - Game Creator Tutorial Linux/Game Creator 2 Tut/Assets
kGfxThreadingModeNonThreaded is not supported on OpenGL Core. Reverting to kGfxThreadingModeDirect instead.
GfxDevice: creating device client; kGfxThreadingModeDirect
GLX Extensions: GLX_ARB_get_proc_address GLX_ARB_multisample GLX_EXT_visual_info GLX_EXT_visual_rating GLX_EXT_import_context GLX_SGI_video_sync GLX_SGIX_fbconfig GLX_SGIX_pbuffer GLX_SGI_swap_control GLX_EXT_swap_control GLX_EXT_swap_control_tear GLX_EXT_buffer_age GLX_ARB_create_context GLX_ARB_create_context_profile GLX_NV_float_buffer GLX_ARB_fbconfig_float GLX_EXT_texture_from_pixmap GLX_EXT_framebuffer_sRGB GLX_NV_copy_image GLX_EXT_create_context_es_profile GLX_EXT_create_context_es2_profile GLX_ARB_create_context_no_error GLX_ARB_create_context_robustness GLX_NV_delay_before_swap GLX_EXT_stereo_tree GLX_ARB_context_flush_control GLX_NV_robustness_video_memory_purge GLX_NV_multigpu_context 
Renderer: NVIDIA GeForce RTX 4070/PCIe/SSE2
Vendor:   NVIDIA Corporation
Version:  4.5.0 NVIDIA 550.120
GLES:     0
 GL_AMD_multi_draw_indirect GL_AMD_seamless_cubemap_per_texture GL_AMD_vertex_shader_viewport_index GL_AMD_vertex_shader_layer GL_ARB_arrays_of_arrays GL_ARB_base_instance GL_ARB_bindless_texture GL_ARB_blend_func_extended GL_ARB_buffer_storage GL_ARB_clear_buffer_object GL_ARB_clear_texture GL_ARB_clip_control GL_ARB_color_buffer_float GL_ARB_compressed_texture_pixel_storage GL_ARB_conservative_depth GL_ARB_compute_shader GL_ARB_compute_variable_group_size GL_ARB_conditional_render_inverted GL_ARB_copy_buffer GL_ARB_copy_image GL_ARB_cull_distance GL_ARB_debug_output GL_ARB_depth_buffer_float GL_ARB_depth_clamp GL_ARB_depth_texture GL_ARB_derivative_control GL_ARB_direct_state_access GL_ARB_draw_buffers GL_ARB_draw_buffers_blend GL_ARB_draw_indirect GL_ARB_draw_elements_base_vertex GL_ARB_draw_instanced GL_ARB_enhanced_layouts GL_ARB_ES2_compatibility GL_ARB_ES3_compatibility GL_ARB_ES3_1_compatibility GL_ARB_ES3_2_compatibility GL_ARB_explicit_attrib_location GL_ARB_explicit_uniform_location GL_ARB_fragmen
t_coord_conventions GL_ARB_fragment_layer_viewport GL_ARB_fragment_program GL_ARB_fragment_program_shadow GL_ARB_fragment_shader GL_ARB_fragment_shader_interlock GL_ARB_framebuffer_no_attachments GL_ARB_framebuffer_object GL_ARB_framebuffer_sRGB GL_ARB_geometry_shader4 GL_ARB_get_program_binary GL_ARB_get_texture_sub_image GL_ARB_gl_spirv GL_ARB_gpu_shader5 GL_ARB_gpu_shader_fp64 GL_ARB_gpu_shader_int64 GL_ARB_half_float_pixel GL_ARB_half_float_vertex GL_ARB_imaging GL_ARB_indirect_parameters GL_ARB_instanced_arrays GL_ARB_internalformat_query GL_ARB_internalformat_query2 GL_ARB_invalidate_subdata GL_ARB_map_buffer_alignment GL_ARB_map_buffer_range GL_ARB_multi_bind GL_ARB_multi_draw_indirect GL_ARB_multisample GL_ARB_multitexture GL_ARB_occlusion_query GL_ARB_occlusion_query2 GL_ARB_parallel_shader_compile GL_ARB_pipeline_statistics_query GL_ARB_pixel_buffer_object GL_ARB_point_parameters GL_ARB_point_sprite GL_ARB_polygon_offset_clamp GL_ARB_post_depth_coverage GL_ARB_program_interface_query GL_ARB_provoki
ng_vertex GL_ARB_query_buffer_object GL_ARB_robust_buffer_access_behavior GL_ARB_robustness GL_ARB_sample_locations GL_ARB_sample_shading GL_ARB_sampler_objects GL_ARB_seamless_cube_map GL_ARB_seamless_cubemap_per_texture GL_ARB_separate_shader_objects GL_ARB_shader_atomic_counter_ops GL_ARB_shader_atomic_counters GL_ARB_shader_ballot GL_ARB_shader_bit_encoding GL_ARB_shader_clock GL_ARB_shader_draw_parameters GL_ARB_shader_group_vote GL_ARB_shader_image_load_store GL_ARB_shader_image_size GL_ARB_shader_objects GL_ARB_shader_precision GL_ARB_shader_storage_buffer_object GL_ARB_shader_subroutine GL_ARB_shader_texture_image_samples GL_ARB_shader_texture_lod GL_ARB_shading_language_100 GL_ARB_shader_viewport_layer_array GL_ARB_shading_language_420pack GL_ARB_shading_language_include GL_ARB_shading_language_packing GL_ARB_shadow GL_ARB_sparse_buffer GL_ARB_sparse_texture GL_ARB_sparse_texture2 GL_ARB_sparse_texture_clamp GL_ARB_spirv_extensions GL_ARB_stencil_texturing GL_ARB_sync GL_ARB_tessellation_shader GL_A
RB_texture_barrier GL_ARB_texture_border_clamp GL_ARB_texture_buffer_object GL_ARB_texture_buffer_object_rgb32 GL_ARB_texture_buffer_range GL_ARB_texture_compression GL_ARB_texture_compression_bptc GL_ARB_texture_compression_rgtc GL_ARB_texture_cube_map GL_ARB_texture_cube_map_array GL_ARB_texture_env_add GL_ARB_texture_env_combine GL_ARB_texture_env_crossbar GL_ARB_texture_env_dot3 GL_ARB_texture_filter_anisotropic GL_ARB_texture_filter_minmax GL_ARB_texture_float GL_ARB_texture_gather GL_ARB_texture_mirror_clamp_to_edge GL_ARB_texture_mirrored_repeat GL_ARB_texture_multisample GL_ARB_texture_non_power_of_two GL_ARB_texture_query_levels GL_ARB_texture_query_lod GL_ARB_texture_rectangle GL_ARB_texture_rg GL_ARB_texture_rgb10_a2ui GL_ARB_texture_stencil8 GL_ARB_texture_storage GL_ARB_texture_storage_multisample GL_ARB_texture_swizzle GL_ARB_texture_view GL_ARB_timer_query GL_ARB_transform_feedback2 GL_ARB_transform_feedback3 GL_ARB_transform_feedback_instanced GL_ARB_transform_feedback_overflow_query GL_ARB_t
ranspose_matrix GL_ARB_uniform_buffer_object GL_ARB_vertex_array_bgra GL_ARB_vertex_array_object GL_ARB_vertex_attrib_64bit GL_ARB_vertex_attrib_binding GL_ARB_vertex_buffer_object GL_ARB_vertex_program GL_ARB_vertex_shader GL_ARB_vertex_type_10f_11f_11f_rev GL_ARB_vertex_type_2_10_10_10_rev GL_ARB_viewport_array GL_ARB_window_pos GL_ATI_draw_buffers GL_ATI_texture_float GL_ATI_texture_mirror_once GL_S3_s3tc GL_EXT_texture_env_add GL_EXT_abgr GL_EXT_bgra GL_EXT_bindable_uniform GL_EXT_blend_color GL_EXT_blend_equation_separate GL_EXT_blend_func_separate GL_EXT_blend_minmax GL_EXT_blend_subtract GL_EXT_compiled_vertex_array GL_EXT_Cg_shader GL_EXT_depth_bounds_test GL_EXT_direct_state_access GL_EXT_draw_buffers2 GL_EXT_draw_instanced GL_EXT_draw_range_elements GL_EXT_fog_coord GL_EXT_framebuffer_blit GL_EXT_framebuffer_multisample GL_EXTX_framebuffer_mixed_formats GL_EXT_framebuffer_multisample_blit_scaled GL_EXT_framebuffer_object GL_EXT_framebuffer_sRGB GL_EXT_geometry_shader4 GL_EXT_gpu_program_parameters 
GL_EXT_gpu_shader4 GL_EXT_multi_draw_arrays GL_EXT_multiview_texture_multisample GL_EXT_multiview_timer_query GL_EXT_packed_depth_stencil GL_EXT_packed_float GL_EXT_packed_pixels GL_EXT_pixel_buffer_object GL_EXT_point_parameters GL_EXT_polygon_offset_clamp GL_EXT_post_depth_coverage GL_EXT_provoking_vertex GL_EXT_raster_multisample GL_EXT_rescale_normal GL_EXT_secondary_color GL_EXT_separate_shader_objects GL_EXT_separate_specular_color GL_EXT_shader_image_load_formatted GL_EXT_shader_image_load_store GL_EXT_shader_integer_mix GL_EXT_shadow_funcs GL_EXT_sparse_texture2 GL_EXT_stencil_two_side GL_EXT_stencil_wrap GL_EXT_texture3D GL_EXT_texture_array GL_EXT_texture_buffer_object GL_EXT_texture_compression_dxt1 GL_EXT_texture_compression_latc GL_EXT_texture_compression_rgtc GL_EXT_texture_compression_s3tc GL_EXT_texture_cube_map GL_EXT_texture_edge_clamp GL_EXT_texture_env_combine GL_EXT_texture_env_dot3 GL_EXT_texture_filter_anisotropic GL_EXT_texture_filter_minmax GL_EXT_texture_integer GL_EXT_texture_lod G
L_EXT_texture_lod_bias GL_EXT_texture_mirror_clamp GL_EXT_texture_object GL_EXT_texture_shadow_lod GL_EXT_texture_shared_exponent GL_EXT_texture_sRGB GL_EXT_texture_sRGB_R8 GL_EXT_texture_sRGB_decode GL_EXT_texture_storage GL_EXT_texture_swizzle GL_EXT_timer_query GL_EXT_transform_feedback2 GL_EXT_vertex_array GL_EXT_vertex_array_bgra GL_EXT_vertex_attrib_64bit GL_EXT_window_rectangles GL_EXT_x11_sync_object GL_EXT_import_sync_object GL_NV_robustness_video_memory_purge GL_IBM_rasterpos_clip GL_IBM_texture_mirrored_repeat GL_KHR_context_flush_control GL_KHR_debug GL_EXT_memory_object GL_EXT_memory_object_fd GL_NV_memory_object_sparse GL_KHR_parallel_shader_compile GL_KHR_no_error GL_KHR_robust_buffer_access_behavior GL_KHR_robustness GL_EXT_semaphore GL_EXT_semaphore_fd GL_NV_timeline_semaphore GL_KHR_shader_subgroup GL_KTX_buffer_region GL_NV_alpha_to_coverage_dither_control GL_NV_bindless_multi_draw_indirect GL_NV_bindless_multi_draw_indirect_count GL_NV_bindless_texture GL_NV_blend_equation_advanced GL_NV_
blend_equation_advanced_coherent GL_NVX_blend_equation_advanced_multi_draw_buffers GL_NV_blend_minmax_factor GL_NV_blend_square GL_NV_clip_space_w_scaling GL_NV_command_list GL_NV_compute_program5 GL_NV_compute_shader_derivatives GL_NV_conditional_render GL_NV_conservative_raster GL_NV_conservative_raster_dilate GL_NV_conservative_raster_pre_snap GL_NV_conservative_raster_pre_snap_triangles GL_NV_conservative_raster_underestimation GL_NV_copy_depth_to_color GL_NV_copy_image GL_NV_depth_buffer_float GL_NV_depth_clamp GL_NV_draw_texture GL_NV_draw_vulkan_image GL_NV_ES1_1_compatibility GL_NV_ES3_1_compatibility GL_NV_explicit_multisample GL_NV_feature_query GL_NV_fence GL_NV_fill_rectangle GL_NV_float_buffer GL_NV_fog_distance GL_NV_fragment_coverage_to_color GL_NV_fragment_program GL_NV_fragment_program_option GL_NV_fragment_program2 GL_NV_fragment_shader_barycentric GL_NV_fragment_shader_interlock GL_NV_framebuffer_mixed_samples GL_NV_framebuffer_multisample_coverage GL_NV_geometry_shader4 GL_NV_geometry_sha
der_passthrough GL_NV_gpu_program4 GL_NV_internalformat_sample_query GL_NV_gpu_program4_1 GL_NV_gpu_program5 GL_NV_gpu_program5_mem_extended GL_NV_gpu_program_fp64 GL_NV_gpu_shader5 GL_NV_half_float GL_NV_light_max_exponent GL_NV_memory_attachment GL_NV_mesh_shader GL_NV_multisample_coverage GL_NV_multisample_filter_hint GL_NV_occlusion_query GL_NV_packed_depth_stencil GL_NV_parameter_buffer_object GL_NV_parameter_buffer_object2 GL_NV_path_rendering GL_NV_path_rendering_shared_edge GL_NV_pixel_data_range GL_NV_point_sprite GL_NV_primitive_restart GL_NV_primitive_shading_rate GL_NV_query_resource GL_NV_query_resource_tag GL_NV_register_combiners GL_NV_register_combiners2 GL_NV_representative_fragment_test GL_NV_sample_locations GL_NV_sample_mask_override_coverage GL_NV_scissor_exclusive GL_NV_shader_atomic_counters GL_NV_shader_atomic_float GL_NV_shader_atomic_float64 GL_NV_shader_atomic_fp16_vector GL_NV_shader_atomic_int64 GL_NV_shader_buffer_load GL_NV_shader_storage_buffer_object GL_NV_shader_subgroup_par
titioned GL_NV_shader_texture_footprint GL_NV_shading_rate_image GL_NV_stereo_view_rendering GL_NV_texgen_reflection GL_NV_texture_barrier GL_NV_texture_compression_vtc GL_NV_texture_dirty_tile_map GL_NV_texture_env_combine4 GL_NV_texture_multisample GL_NV_texture_rectangle GL_NV_texture_rectangle_compressed GL_NV_texture_shader GL_NV_texture_shader2 GL_NV_texture_shader3 GL_NV_transform_feedback GL_NV_transform_feedback2 GL_NV_uniform_buffer_unified_memory GL_NV_uniform_buffer_std430_layout GL_NV_vdpau_interop GL_NV_vdpau_interop2 GL_NV_vertex_array_range GL_NV_vertex_array_range2 GL_NV_vertex_attrib_integer_64bit GL_NV_vertex_buffer_unified_memory GL_NV_vertex_program GL_NV_vertex_program1_1 GL_NV_vertex_program2 GL_NV_vertex_program2_option GL_NV_vertex_program3 GL_NV_viewport_array2 GL_NV_viewport_swizzle GL_NVX_conditional_render GL_NV_gpu_multicast GL_NVX_progress_fence GL_NVX_gpu_memory_info GL_NVX_nvenc_interop GL_NV_shader_thread_group GL_NV_shader_thread_shuffle GL_KHR_blend_equation_advanced GL_KH
R_blend_equation_advanced_coherent GL_OVR_multiview GL_OVR_multiview2 GL_SGIS_generate_mipmap GL_SGIS_texture_lod GL_SGIX_depth_texture GL_SGIX_shadow GL_SUN_slice_accum
OPENGL LOG: Creating OpenGL 4.5 graphics device ; Context level  <OpenGL 4.5> ; Context handle -665522280
Initialize mono
Mono path[0] = '/home/claudiu/Unity/Hub/Editor/6000.0.27f1/Editor/Data/Managed'
Mono path[1] = '/home/claudiu/Unity/Hub/Editor/6000.0.27f1/Editor/Data/MonoBleedingEdge/lib/mono/unityjit-linux'
Mono config path = '/home/claudiu/Unity/Hub/Editor/6000.0.27f1/Editor/Data/MonoBleedingEdge/etc'
Using monoOptions --debugger-agent=transport=dt_socket,embedding=1,server=y,suspend=n,address=127.0.0.1:56200
Begin MonoManager ReloadAssembly
Registering precompiled unity dll's ...
Register platform support module: /home/claudiu/Unity/Hub/Editor/6000.0.27f1/Editor/Data/PlaybackEngines/LinuxStandaloneSupport/UnityEditor.LinuxStandalone.Extensions.dll
Registered in 0,001338 seconds.
- Loaded All Assemblies, in  0,194 seconds
Native extension for LinuxStandalone target not found
Mono: successfully reloaded assembly
- Finished resetting the current domain, in  0,292 seconds
Domain Reload Profiling: 486ms
	BeginReloadAssembly (53ms)
		ExecutionOrderSort (0ms)
		DisableScriptedObjects (0ms)
		BackupInstance (0ms)
		ReleaseScriptingObjects (0ms)
		CreateAndSetChildDomain (1ms)
	RebuildCommonClasses (21ms)
	RebuildNativeTypeToScriptingClass (5ms)
	initialDomainReloadingComplete (30ms)
	LoadAllAssembliesAndSetupDomain (85ms)
		LoadAssemblies (52ms)
		RebuildTransferFunctionScriptingTraits (0ms)
		AnalyzeDomain (84ms)
			TypeCache.Refresh (83ms)
				TypeCache.ScanAssembly (75ms)
			BuildScriptInfoCaches (0ms)
			ResolveRequiredComponents (0ms)
	FinalizeReload (292ms)
		ReleaseScriptCaches (0ms)
		RebuildScriptCaches (0ms)
		SetupLoadedEditorAssemblies (253ms)
			LogAssemblyErrors (0ms)
			InitializePlatformSupportModulesInManaged (55ms)
			SetLoadedEditorAssemblies (4ms)
			BeforeProcessingInitializeOnLoad (4ms)
			ProcessInitializeOnLoadAttributes (158ms)
			ProcessInitializeOnLoadMethodAttributes (30ms)
			AfterProcessingInitializeOnLoad (2ms)
			EditorAssembliesLoaded (0ms)
		ExecutionOrderSort2 (0ms)
		AwakeInstancesAfterBackupRestoration (0ms)
========================================================================
Worker process is ready to serve import requests
Import Worker Mode flag is 0x00
Begin MonoManager ReloadAssembly
Symbol file LoadedFromMemory is not a mono symbol file
- Loaded All Assemblies, in  0,634 seconds
Refreshing native plugins compatible for Editor in 0,75 ms, found 0 plugins.
Native extension for LinuxStandalone target not found
Refreshing native plugins compatible for Editor in 0,84 ms, found 0 plugins.
Mono: successfully reloaded assembly
- Finished resetting the current domain, in  0,858 seconds
Domain Reload Profiling: 1491ms
	BeginReloadAssembly (185ms)
		ExecutionOrderSort (0ms)
		DisableScriptedObjects (3ms)
		BackupInstance (0ms)
		ReleaseScriptingObjects (0ms)
		CreateAndSetChildDomain (22ms)
	RebuildCommonClasses (26ms)
	RebuildNativeTypeToScriptingClass (5ms)
	initialDomainReloadingComplete (27ms)
	LoadAllAssembliesAndSetupDomain (390ms)
		LoadAssemblies (203ms)
		RebuildTransferFunctionScriptingTraits (0ms)
		AnalyzeDomain (222ms)
			TypeCache.Refresh (147ms)
				TypeCache.ScanAssembly (133ms)
			BuildScriptInfoCaches (66ms)
			ResolveRequiredComponents (7ms)
	FinalizeReload (859ms)
		ReleaseScriptCaches (0ms)
		RebuildScriptCaches (0ms)
		SetupLoadedEditorAssemblies (677ms)
			LogAssemblyErrors (0ms)
			InitializePlatformSupportModulesInManaged (27ms)
			SetLoadedEditorAssemblies (4ms)
			BeforeProcessingInitializeOnLoad (65ms)
			ProcessInitializeOnLoadAttributes (297ms)
			ProcessInitializeOnLoadMethodAttributes (279ms)
			AfterProcessingInitializeOnLoad (4ms)
			EditorAssembliesLoaded (0ms)
		ExecutionOrderSort2 (0ms)
		AwakeInstancesAfterBackupRestoration (2ms)
AutoLocale: current locale expects 'C' but got 'ro_RO.UTF-8'
Launched and connected shader compiler UnityShaderCompiler after 0.01 seconds
Refreshing native plugins compatible for Editor in 0.84 ms, found 0 plugins.
Preloading 0 native plugins for Editor in 0.00 ms.
Unloading 220 Unused Serialized files (Serialized files now loaded: 0)
Unloading 10437 unused Assets / (5.1 MB). Loaded Objects now: 11285.
Memory consumption went from 299.7 MB to 294.6 MB.
Total: 12.160493 ms (FindLiveObjects: 0.600731 ms CreateObjectMapping: 0.689270 ms MarkObjects: 7.436758 ms  DeleteObjects: 3.433297 ms)

========================================================================
Received Import Request.
  Time since last request: 2466.465334 seconds.
  path: Assets/PolygonFantasyHeroCharacters/Prefabs/Characters_ModularParts_Static/Chr_ArmLowerLeft_Female_02_Static.prefab
  artifactKey: Guid(86cd42d47adf3354596a86fd1090f4c2) Importer(815301076,1909f56bfc062723c751e8b465ee728b)
Start importing Assets/PolygonFantasyHeroCharacters/Prefabs/Characters_ModularParts_Static/Chr_ArmLowerLeft_Female_02_Static.prefab using Guid(86cd42d47adf3354596a86fd1090f4c2) Importer(815301076,1909f56bfc062723c751e8b465ee728b) (PreviewImporter) -> (artifact id: 'b96efe2f4fae60d0a22739229b945b61') in 0.313488087 seconds
Number of updated asset objects reloaded before import = 0Number of asset objects unloaded after import = 27

========================================================================
Received Import Request.
  Time since last request: 0.000024 seconds.
  path: Assets/PolygonFantasyHeroCharacters/Prefabs/Characters_ModularParts_Static/Chr_ArmLowerLeft_Male_07_Static.prefab
  artifactKey: Guid(db35ac4f61cb13447b39c278ab2fe6f1) Importer(815301076,1909f56bfc062723c751e8b465ee728b)
Start importing Assets/PolygonFantasyHeroCharacters/Prefabs/Characters_ModularParts_Static/Chr_ArmLowerLeft_Male_07_Static.prefab using Guid(db35ac4f61cb13447b39c278ab2fe6f1) Importer(815301076,1909f56bfc062723c751e8b465ee728b) (PreviewImporter) -> (artifact id: 'fb989aba1a02096cf0c9ad359c1b63a8') in 0.051617386 seconds
Number of updated asset objects reloaded before import = 0Number of asset objects unloaded after import = 27

========================================================================
Received Import Request.
  Time since last request: 0.000021 seconds.
  path: Assets/PolygonFantasyHeroCharacters/Prefabs/Characters_ModularParts_Static/Chr_ArmLowerRight_Female_10_Static.prefab
  artifactKey: Guid(43a296f639b8a8d428d0b1b6c820daac) Importer(815301076,1909f56bfc062723c751e8b465ee728b)
Start importing Assets/PolygonFantasyHeroCharacters/Prefabs/Characters_ModularParts_Static/Chr_ArmLowerRight_Female_10_Static.prefab using Guid(43a296f639b8a8d428d0b1b6c820daac) Importer(815301076,1909f56bfc062723c751e8b465ee728b) (PreviewImporter) -> (artifact id: 'f5b8914a163d9bc00d525d90e151657b') in 0.052321747 seconds
Number of updated asset objects reloaded before import = 0Number of asset objects unloaded after import = 27

========================================================================
Received Import Request.
  Time since last request: 0.000018 seconds.
  path: Assets/PolygonFantasyHeroCharacters/Prefabs/Characters_ModularParts_Static/Chr_ArmUpperLeft_Female_01_Static.prefab
  artifactKey: Guid(ca863b9455374bb429abb05a890215c0) Importer(815301076,1909f56bfc062723c751e8b465ee728b)
Start importing Assets/PolygonFantasyHeroCharacters/Prefabs/Characters_ModularParts_Static/Chr_ArmUpperLeft_Female_01_Static.prefab using Guid(ca863b9455374bb429abb05a890215c0) Importer(815301076,1909f56bfc062723c751e8b465ee728b) (PreviewImporter) -> (artifact id: '6a5dd3fbbe1dda0e62e7b6cc8cb22b1a') in 0.01998583 seconds
Number of updated asset objects reloaded before import = 0Number of asset objects unloaded after import = 27

========================================================================
Received Import Request.
  Time since last request: 0.000023 seconds.
  path: Assets/PolygonFantasyHeroCharacters/Prefabs/Characters_ModularParts_Static/Chr_ArmLowerRight_Male_03_Static.prefab
  artifactKey: Guid(c54015ccc22c743419f36096e22d471b) Importer(815301076,1909f56bfc062723c751e8b465ee728b)
Start importing Assets/PolygonFantasyHeroCharacters/Prefabs/Characters_ModularParts_Static/Chr_ArmLowerRight_Male_03_Static.prefab using Guid(c54015ccc22c743419f36096e22d471b) Importer(815301076,1909f56bfc062723c751e8b465ee728b) (PreviewImporter) -> (artifact id: 'fefaa524cb35be581f2a10f5ae7ba112') in 0.043160436 seconds
Number of updated asset objects reloaded before import = 0Number of asset objects unloaded after import = 27

========================================================================
Received Import Request.
  Time since last request: 0.000021 seconds.
  path: Assets/PolygonFantasyHeroCharacters/Prefabs/Characters_ModularParts_Static/Chr_ArmUpperLeft_Female_09_Static.prefab
  artifactKey: Guid(6033d2e97157f5a4baa87af3da8e2f0f) Importer(815301076,1909f56bfc062723c751e8b465ee728b)
Start importing Assets/PolygonFantasyHeroCharacters/Prefabs/Characters_ModularParts_Static/Chr_ArmUpperLeft_Female_09_Static.prefab using Guid(6033d2e97157f5a4baa87af3da8e2f0f) Importer(815301076,1909f56bfc062723c751e8b465ee728b) (PreviewImporter) -> (artifact id: 'b1b8786ce7632e13b908281de2dea442') in 0.019585965 seconds
Number of updated asset objects reloaded before import = 0Number of asset objects unloaded after import = 27

========================================================================
Received Import Request.
  Time since last request: 0.000019 seconds.
  path: Assets/PolygonFantasyHeroCharacters/Prefabs/Characters_ModularParts_Static/Chr_ArmUpperLeft_Female_15_Static.prefab
  artifactKey: Guid(8e72444689dfdc5448c97e7b5273c523) Importer(815301076,1909f56bfc062723c751e8b465ee728b)
Start importing Assets/PolygonFantasyHeroCharacters/Prefabs/Characters_ModularParts_Static/Chr_ArmUpperLeft_Female_15_Static.prefab using Guid(8e72444689dfdc5448c97e7b5273c523) Importer(815301076,1909f56bfc062723c751e8b465ee728b) (PreviewImporter) -> (artifact id: '74a11d3b4956ef1a119f8178ecd1cc04') in 0.010267895 seconds
Number of updated asset objects reloaded before import = 0Number of asset objects unloaded after import = 27

========================================================================
Received Import Request.
  Time since last request: 0.000022 seconds.
  path: Assets/PolygonFantasyHeroCharacters/Prefabs/Characters_ModularParts_Static/Chr_ArmLowerRight_Female_11_Static.prefab
  artifactKey: Guid(e22480cc6d8dad94bb3faef0d07dd337) Importer(815301076,1909f56bfc062723c751e8b465ee728b)
Start importing Assets/PolygonFantasyHeroCharacters/Prefabs/Characters_ModularParts_Static/Chr_ArmLowerRight_Female_11_Static.prefab using Guid(e22480cc6d8dad94bb3faef0d07dd337) Importer(815301076,1909f56bfc062723c751e8b465ee728b) (PreviewImporter) -> (artifact id: '6b45135db6ef2455c5723c185c7072ca') in 0.026777823 seconds
Number of updated asset objects reloaded before import = 0Number of asset objects unloaded after import = 27

========================================================================
Received Import Request.
  Time since last request: 0.000019 seconds.
  path: Assets/PolygonFantasyHeroCharacters/Prefabs/Characters_ModularParts_Static/Chr_ArmLowerRight_Female_13_Static.prefab
  artifactKey: Guid(43b75939687790042970f742acbe2091) Importer(815301076,1909f56bfc062723c751e8b465ee728b)
Start importing Assets/PolygonFantasyHeroCharacters/Prefabs/Characters_ModularParts_Static/Chr_ArmLowerRight_Female_13_Static.prefab using Guid(43b75939687790042970f742acbe2091) Importer(815301076,1909f56bfc062723c751e8b465ee728b) (PreviewImporter) -> (artifact id: 'cf56dbeefde024f67b8f3e47b1b8dd60') in 0.050253714 seconds
Number of updated asset objects reloaded before import = 0Number of asset objects unloaded after import = 27

========================================================================
Received Import Request.
  Time since last request: 0.000023 seconds.
  path: Assets/PolygonFantasyHeroCharacters/Prefabs/Characters_ModularParts_Static/Chr_ArmUpperLeft_Male_16_Static.prefab
  artifactKey: Guid(ebe371b827aa1534ebf21cf478a5612b) Importer(815301076,1909f56bfc062723c751e8b465ee728b)
Start importing Assets/PolygonFantasyHeroCharacters/Prefabs/Characters_ModularParts_Static/Chr_ArmUpperLeft_Male_16_Static.prefab using Guid(ebe371b827aa1534ebf21cf478a5612b) Importer(815301076,1909f56bfc062723c751e8b465ee728b) (PreviewImporter) -> (artifact id: '73292be0315b85aee25d45e369f9f508') in 0.009711783 seconds
Number of updated asset objects reloaded before import = 0Number of asset objects unloaded after import = 27

========================================================================
Received Import Request.
  Time since last request: 0.000019 seconds.
  path: Assets/PolygonFantasyHeroCharacters/Prefabs/Characters_ModularParts_Static/Chr_ArmUpperLeft_Female_05_Static.prefab
  artifactKey: Guid(e97f744f098a8e34aa2234836779e1f2) Importer(815301076,1909f56bfc062723c751e8b465ee728b)
Start importing Assets/PolygonFantasyHeroCharacters/Prefabs/Characters_ModularParts_Static/Chr_ArmUpperLeft_Female_05_Static.prefab using Guid(e97f744f098a8e34aa2234836779e1f2) Importer(815301076,1909f56bfc062723c751e8b465ee728b) (PreviewImporter) -> (artifact id: 'd870896a6045275bbb69cd05a9a4c7bb') in 0.013371394 seconds
Number of updated asset objects reloaded before import = 0Number of asset objects unloaded after import = 27

========================================================================
Received Import Request.
  Time since last request: 0.000017 seconds.
  path: Assets/PolygonFantasyHeroCharacters/Prefabs/Characters_ModularParts_Static/Chr_ArmUpperLeft_Male_13_Static.prefab
  artifactKey: Guid(84c3e6974f086f247b5318567eaf92f7) Importer(815301076,1909f56bfc062723c751e8b465ee728b)
Start importing Assets/PolygonFantasyHeroCharacters/Prefabs/Characters_ModularParts_Static/Chr_ArmUpperLeft_Male_13_Static.prefab using Guid(84c3e6974f086f247b5318567eaf92f7) Importer(815301076,1909f56bfc062723c751e8b465ee728b) (PreviewImporter) -> (artifact id: '0fde2f2888fca1515f274cdbe08899cb') in 0.025136481 seconds
Number of updated asset objects reloaded before import = 0Number of asset objects unloaded after import = 27

========================================================================
Received Import Request.
  Time since last request: 0.000018 seconds.
  path: Assets/PolygonFantasyHeroCharacters/Prefabs/Characters_ModularParts_Static/Chr_ArmLowerRight_Male_12_Static.prefab
  artifactKey: Guid(fd15d20ef941a3744b0100addb36c8f3) Importer(815301076,1909f56bfc062723c751e8b465ee728b)
Start importing Assets/PolygonFantasyHeroCharacters/Prefabs/Characters_ModularParts_Static/Chr_ArmLowerRight_Male_12_Static.prefab using Guid(fd15d20ef941a3744b0100addb36c8f3) Importer(815301076,1909f56bfc062723c751e8b465ee728b) (PreviewImporter) -> (artifact id: 'e0f68b3e1943177430a69b2f97aea59b') in 0.038245364 seconds
Number of updated asset objects reloaded before import = 0Number of asset objects unloaded after import = 27

========================================================================
Received Import Request.
  Time since last request: 0.000017 seconds.
  path: Assets/PolygonFantasyHeroCharacters/Prefabs/Characters_ModularParts_Static/Chr_ArmLowerRight_Female_06_Static.prefab
  artifactKey: Guid(6d15ff3827c6132408a99c226d2d1da7) Importer(815301076,1909f56bfc062723c751e8b465ee728b)
Start importing Assets/PolygonFantasyHeroCharacters/Prefabs/Characters_ModularParts_Static/Chr_ArmLowerRight_Female_06_Static.prefab using Guid(6d15ff3827c6132408a99c226d2d1da7) Importer(815301076,1909f56bfc062723c751e8b465ee728b) (PreviewImporter) -> (artifact id: 'b146149db8d181ff2778bc1345416831') in 0.05481974 seconds
Number of updated asset objects reloaded before import = 0Number of asset objects unloaded after import = 27

========================================================================
Received Import Request.
  Time since last request: 0.000018 seconds.
  path: Assets/PolygonFantasyHeroCharacters/Prefabs/Characters_ModularParts_Static/Chr_ArmLowerRight_Male_15_Static.prefab
  artifactKey: Guid(d698427ee4360fc45976f1fc547bb6f0) Importer(815301076,1909f56bfc062723c751e8b465ee728b)
Start importing Assets/PolygonFantasyHeroCharacters/Prefabs/Characters_ModularParts_Static/Chr_ArmLowerRight_Male_15_Static.prefab using Guid(d698427ee4360fc45976f1fc547bb6f0) Importer(815301076,1909f56bfc062723c751e8b465ee728b) (PreviewImporter) -> (artifact id: '9ac9afd9889f9547d1839186a9ab9720') in 0.066260165 seconds
Number of updated asset objects reloaded before import = 0Number of asset objects unloaded after import = 27

========================================================================
Received Import Request.
  Time since last request: 0.000020 seconds.
  path: Assets/PolygonFantasyHeroCharacters/Prefabs/Characters_ModularParts_Static/Chr_ArmUpperLeft_Male_02_Static.prefab
  artifactKey: Guid(741e01c93ddb959499693cc12da04017) Importer(815301076,1909f56bfc062723c751e8b465ee728b)
Start importing Assets/PolygonFantasyHeroCharacters/Prefabs/Characters_ModularParts_Static/Chr_ArmUpperLeft_Male_02_Static.prefab using Guid(741e01c93ddb959499693cc12da04017) Importer(815301076,1909f56bfc062723c751e8b465ee728b) (PreviewImporter) -> (artifact id: 'c691e266d11a5d90a355a9ed4d7039d7') in 0.03311315 seconds
Number of updated asset objects reloaded before import = 0Number of asset objects unloaded after import = 27

========================================================================
Received Import Request.
  Time since last request: 0.000027 seconds.
  path: Assets/PolygonFantasyHeroCharacters/Prefabs/Characters_ModularParts_Static/Chr_ArmUpperRight_Female_14_Static.prefab
  artifactKey: Guid(690b538b294b0574a9e886edab6b7797) Importer(815301076,1909f56bfc062723c751e8b465ee728b)
Start importing Assets/PolygonFantasyHeroCharacters/Prefabs/Characters_ModularParts_Static/Chr_ArmUpperRight_Female_14_Static.prefab using Guid(690b538b294b0574a9e886edab6b7797) Importer(815301076,1909f56bfc062723c751e8b465ee728b) (PreviewImporter) -> (artifact id: 'c62536fe96a39f4cdb967631771f0ec5') in 0.018523958 seconds
Number of updated asset objects reloaded before import = 0Number of asset objects unloaded after import = 27

========================================================================
Received Import Request.
  Time since last request: 0.000019 seconds.
  path: Assets/PolygonFantasyHeroCharacters/Prefabs/Characters_ModularParts_Static/Chr_ArmLowerLeft_Male_05_Static.prefab
  artifactKey: Guid(a1504279b5153c847a62629bca19dd8a) Importer(815301076,1909f56bfc062723c751e8b465ee728b)
Start importing Assets/PolygonFantasyHeroCharacters/Prefabs/Characters_ModularParts_Static/Chr_ArmLowerLeft_Male_05_Static.prefab using Guid(a1504279b5153c847a62629bca19dd8a) Importer(815301076,1909f56bfc062723c751e8b465ee728b) (PreviewImporter) -> (artifact id: 'c9004a6c2de6d6adc8ac3ac9e49a13a9') in 0.015543345 seconds
Number of updated asset objects reloaded before import = 0Number of asset objects unloaded after import = 27

========================================================================
Received Import Request.
  Time since last request: 0.000017 seconds.
  path: Assets/PolygonFantasyHeroCharacters/Prefabs/Characters_ModularParts_Static/Chr_ArmLowerRight_Female_15_Static.prefab
  artifactKey: Guid(bb4499a408642e94fb1b86e359ff2ee4) Importer(815301076,1909f56bfc062723c751e8b465ee728b)
Start importing Assets/PolygonFantasyHeroCharacters/Prefabs/Characters_ModularParts_Static/Chr_ArmLowerRight_Female_15_Static.prefab using Guid(bb4499a408642e94fb1b86e359ff2ee4) Importer(815301076,1909f56bfc062723c751e8b465ee728b) (PreviewImporter) -> (artifact id: '139fdc49a408f57362f32ce8a98ee668') in 0.031383933 seconds
Number of updated asset objects reloaded before import = 0Number of asset objects unloaded after import = 27

========================================================================
Received Import Request.
  Time since last request: 0.000017 seconds.
  path: Assets/PolygonFantasyHeroCharacters/Prefabs/Characters_ModularParts_Static/Chr_ArmUpperLeft_Female_00_Static.prefab
  artifactKey: Guid(157f03aaf3f0b26419d1f33923812d20) Importer(815301076,1909f56bfc062723c751e8b465ee728b)
Start importing Assets/PolygonFantasyHeroCharacters/Prefabs/Characters_ModularParts_Static/Chr_ArmUpperLeft_Female_00_Static.prefab using Guid(157f03aaf3f0b26419d1f33923812d20) Importer(815301076,1909f56bfc062723c751e8b465ee728b) (PreviewImporter) -> (artifact id: '5c737995647c6fc01eefba644743ef0f') in 0.021321597 seconds
Number of updated asset objects reloaded before import = 0Number of asset objects unloaded after import = 27

========================================================================
Received Import Request.
  Time since last request: 0.000017 seconds.
  path: Assets/PolygonFantasyHeroCharacters/Prefabs/Characters_ModularParts_Static/Chr_ArmLowerLeft_Male_18_Static.prefab
  artifactKey: Guid(46bf9f88b81c25d4eac45ed65d478866) Importer(815301076,1909f56bfc062723c751e8b465ee728b)
Start importing Assets/PolygonFantasyHeroCharacters/Prefabs/Characters_ModularParts_Static/Chr_ArmLowerLeft_Male_18_Static.prefab using Guid(46bf9f88b81c25d4eac45ed65d478866) Importer(815301076,1909f56bfc062723c751e8b465ee728b) (PreviewImporter) -> (artifact id: 'dc0704b6bfe49c6e9f5f510182cbbf46') in 0.020571254 seconds
Number of updated asset objects reloaded before import = 0Number of asset objects unloaded after import = 27

========================================================================
Received Import Request.
  Time since last request: 0.000028 seconds.
  path: Assets/PolygonFantasyHeroCharacters/Prefabs/Characters_ModularParts_Static/Chr_ArmUpperLeft_Male_17_Static.prefab
  artifactKey: Guid(a358aa414574da948b2cd33877f73e61) Importer(815301076,1909f56bfc062723c751e8b465ee728b)
Start importing Assets/PolygonFantasyHeroCharacters/Prefabs/Characters_ModularParts_Static/Chr_ArmUpperLeft_Male_17_Static.prefab using Guid(a358aa414574da948b2cd33877f73e61) Importer(815301076,1909f56bfc062723c751e8b465ee728b) (PreviewImporter) -> (artifact id: 'c7a0cad6c8a648f986e604360fe5d923') in 0.036403747 seconds
Number of updated asset objects reloaded before import = 0Number of asset objects unloaded after import = 27

========================================================================
Received Import Request.
  Time since last request: 0.000019 seconds.
  path: Assets/PolygonFantasyHeroCharacters/Prefabs/Characters_Presets/Chr_FantasyHero_Preset_23.prefab
  artifactKey: Guid(bcdf5c806f4211d4f9d3698be5a0ca9b) Importer(815301076,1909f56bfc062723c751e8b465ee728b)
Start importing Assets/PolygonFantasyHeroCharacters/Prefabs/Characters_Presets/Chr_FantasyHero_Preset_23.prefab using Guid(bcdf5c806f4211d4f9d3698be5a0ca9b) Importer(815301076,1909f56bfc062723c751e8b465ee728b) (PreviewImporter) -> (artifact id: '515c7950a5860fb18400af39e9fd61eb') in 0.09233536 seconds
Number of updated asset objects reloaded before import = 0Number of asset objects unloaded after import = 3130

========================================================================
Received Import Request.
  Time since last request: 0.000027 seconds.
  path: Assets/PolygonFantasyHeroCharacters/Prefabs/Characters_Presets/Chr_FantasyHero_Preset_41.prefab
  artifactKey: Guid(e1b32b119573d494f996abb57f41353b) Importer(815301076,1909f56bfc062723c751e8b465ee728b)
Start importing Assets/PolygonFantasyHeroCharacters/Prefabs/Characters_Presets/Chr_FantasyHero_Preset_41.prefab using Guid(e1b32b119573d494f996abb57f41353b) Importer(815301076,1909f56bfc062723c751e8b465ee728b) (PreviewImporter) -> (artifact id: '109e1f7cfd39c25f73fcab8248bb1fdc') in 0.143149414 seconds
Number of updated asset objects reloaded before import = 0Number of asset objects unloaded after import = 3130

========================================================================
Received Import Request.
  Time since last request: 0.000022 seconds.
  path: Assets/PolygonFantasyHeroCharacters/Prefabs/Characters_Presets/Chr_FantasyHero_Preset_51.prefab
  artifactKey: Guid(3ca80bb38c4d28149802cf273f2ad3fc) Importer(815301076,1909f56bfc062723c751e8b465ee728b)
Start importing Assets/PolygonFantasyHeroCharacters/Prefabs/Characters_Presets/Chr_FantasyHero_Preset_51.prefab using Guid(3ca80bb38c4d28149802cf273f2ad3fc) Importer(815301076,1909f56bfc062723c751e8b465ee728b) (PreviewImporter) -> (artifact id: '8bf81bb35d7b824df0aa330ba835da75') in 0.05810021 seconds
Number of updated asset objects reloaded before import = 0Number of asset objects unloaded after import = 3130

========================================================================
Received Import Request.
  Time since last request: 0.000027 seconds.
  path: Assets/PolygonFantasyHeroCharacters/Prefabs/Characters_Presets/Chr_FantasyHero_Preset_45.prefab
  artifactKey: Guid(0e77d50339e89194abd5cabc34a08c92) Importer(815301076,1909f56bfc062723c751e8b465ee728b)
Start importing Assets/PolygonFantasyHeroCharacters/Prefabs/Characters_Presets/Chr_FantasyHero_Preset_45.prefab using Guid(0e77d50339e89194abd5cabc34a08c92) Importer(815301076,1909f56bfc062723c751e8b465ee728b) (PreviewImporter) -> (artifact id: 'be9c831cb322397d035f47cf5d4f9d89') in 0.056166238 seconds
Number of updated asset objects reloaded before import = 0Number of asset objects unloaded after import = 3130

========================================================================
Received Import Request.
  Time since last request: 0.000031 seconds.
  path: Assets/PolygonFantasyHeroCharacters/Prefabs/Characters_Presets/Chr_FantasyHero_Preset_58.prefab
  artifactKey: Guid(21c49d9cd456c6d479542e98d7733210) Importer(815301076,1909f56bfc062723c751e8b465ee728b)
Start importing Assets/PolygonFantasyHeroCharacters/Prefabs/Characters_Presets/Chr_FantasyHero_Preset_58.prefab using Guid(21c49d9cd456c6d479542e98d7733210) Importer(815301076,1909f56bfc062723c751e8b465ee728b) (PreviewImporter) -> (artifact id: 'ea8195a2bfb9182d8c902723f6f01688') in 0.065995355 seconds
Number of updated asset objects reloaded before import = 0Number of asset objects unloaded after import = 3130

========================================================================
Received Import Request.
  Time since last request: 0.000025 seconds.
  path: Assets/PolygonFantasyHeroCharacters/Prefabs/Characters_Presets/Chr_FantasyHero_Preset_56.prefab
  artifactKey: Guid(8403c1e79fda52e419d50b039bc28438) Importer(815301076,1909f56bfc062723c751e8b465ee728b)
Start importing Assets/PolygonFantasyHeroCharacters/Prefabs/Characters_Presets/Chr_FantasyHero_Preset_56.prefab using Guid(8403c1e79fda52e419d50b039bc28438) Importer(815301076,1909f56bfc062723c751e8b465ee728b) (PreviewImporter) -> (artifact id: '405a6317af46710a0d1cabeeae630a42') in 0.096503437 seconds
Number of updated asset objects reloaded before import = 0Number of asset objects unloaded after import = 3130

========================================================================
Received Import Request.
  Time since last request: 0.000024 seconds.
  path: Assets/PolygonFantasyHeroCharacters/Prefabs/Characters_Presets/Chr_FantasyHero_Preset_36.prefab
  artifactKey: Guid(1d3c25033160ed74d9114e7428ef7f59) Importer(815301076,1909f56bfc062723c751e8b465ee728b)
Start importing Assets/PolygonFantasyHeroCharacters/Prefabs/Characters_Presets/Chr_FantasyHero_Preset_36.prefab using Guid(1d3c25033160ed74d9114e7428ef7f59) Importer(815301076,1909f56bfc062723c751e8b465ee728b) (PreviewImporter) -> (artifact id: 'a431c9babbb98a35dab125cd095be60c') in 0.101452606 seconds
Number of updated asset objects reloaded before import = 0Number of asset objects unloaded after import = 3130

========================================================================
Received Import Request.
  Time since last request: 0.000024 seconds.
  path: Assets/PolygonFantasyHeroCharacters/Prefabs/Characters_Presets/Chr_FantasyHero_Preset_14.prefab
  artifactKey: Guid(33327bc9948cc644ca0f4b1963219c08) Importer(815301076,1909f56bfc062723c751e8b465ee728b)
Start importing Assets/PolygonFantasyHeroCharacters/Prefabs/Characters_Presets/Chr_FantasyHero_Preset_14.prefab using Guid(33327bc9948cc644ca0f4b1963219c08) Importer(815301076,1909f56bfc062723c751e8b465ee728b) (PreviewImporter) -> (artifact id: 'e72150f647dcbed0ff030875f98a97d7') in 0.069948889 seconds
Number of updated asset objects reloaded before import = 0Number of asset objects unloaded after import = 3130

========================================================================
Received Import Request.
  Time since last request: 0.000033 seconds.
  path: Assets/PolygonFantasyHeroCharacters/Prefabs/Characters_Presets/Chr_FantasyHero_Preset_32.prefab
  artifactKey: Guid(9f1e974b83e764742a1a20bf10873152) Importer(815301076,1909f56bfc062723c751e8b465ee728b)
Start importing Assets/PolygonFantasyHeroCharacters/Prefabs/Characters_Presets/Chr_FantasyHero_Preset_32.prefab using Guid(9f1e974b83e764742a1a20bf10873152) Importer(815301076,1909f56bfc062723c751e8b465ee728b) (PreviewImporter) -> (artifact id: '6dabcc800954d90cd877d8c82611ec87') in 0.118939581 seconds
Number of updated asset objects reloaded before import = 0Number of asset objects unloaded after import = 3130

========================================================================
Received Import Request.
  Time since last request: 0.000022 seconds.
  path: Assets/PolygonFantasyHeroCharacters/Prefabs/Characters_Presets/Chr_FantasyHero_Preset_80.prefab
  artifactKey: Guid(4bf6dd97c8377954fbbe55dd2c4d673e) Importer(815301076,1909f56bfc062723c751e8b465ee728b)
Start importing Assets/PolygonFantasyHeroCharacters/Prefabs/Characters_Presets/Chr_FantasyHero_Preset_80.prefab using Guid(4bf6dd97c8377954fbbe55dd2c4d673e) Importer(815301076,1909f56bfc062723c751e8b465ee728b) (PreviewImporter) -> (artifact id: '6e83bf9fb4e3c181734a75245edc51fd') in 0.095156437 seconds
Number of updated asset objects reloaded before import = 0Number of asset objects unloaded after import = 3130

========================================================================
Received Import Request.
  Time since last request: 0.000026 seconds.
  path: Assets/PolygonFantasyHeroCharacters/Prefabs/Characters_ModularParts_Static/Chr_ArmUpperRight_Female_07_Static.prefab
  artifactKey: Guid(c659fcb077529494298fa7025960864b) Importer(815301076,1909f56bfc062723c751e8b465ee728b)
Start importing Assets/PolygonFantasyHeroCharacters/Prefabs/Characters_ModularParts_Static/Chr_ArmUpperRight_Female_07_Static.prefab using Guid(c659fcb077529494298fa7025960864b) Importer(815301076,1909f56bfc062723c751e8b465ee728b) (PreviewImporter) -> (artifact id: '95139055740d063c13e2fe83f7c9e1e9') in 0.0394513 seconds
Number of updated asset objects reloaded before import = 0Number of asset objects unloaded after import = 27

========================================================================
Received Import Request.
  Time since last request: 0.000025 seconds.
  path: Assets/PolygonFantasyHeroCharacters/Prefabs/Characters_ModularParts_Static/Chr_ArmLowerRight_Female_18_Static.prefab
  artifactKey: Guid(64ff2002d4bf43046a17047d95e67ada) Importer(815301076,1909f56bfc062723c751e8b465ee728b)
Start importing Assets/PolygonFantasyHeroCharacters/Prefabs/Characters_ModularParts_Static/Chr_ArmLowerRight_Female_18_Static.prefab using Guid(64ff2002d4bf43046a17047d95e67ada) Importer(815301076,1909f56bfc062723c751e8b465ee728b) (PreviewImporter) -> (artifact id: '12f5612ccdc0be71c8fad81e7131b3ad') in 0.026341055 seconds
Number of updated asset objects reloaded before import = 0Number of asset objects unloaded after import = 27

========================================================================
Received Import Request.
  Time since last request: 0.000024 seconds.
  path: Assets/PolygonFantasyHeroCharacters/Prefabs/Characters_ModularParts_Static/Chr_ArmUpperRight_Female_02_Static.prefab
  artifactKey: Guid(2e0eef248237ddc49bf7a79324adc7d7) Importer(815301076,1909f56bfc062723c751e8b465ee728b)
Start importing Assets/PolygonFantasyHeroCharacters/Prefabs/Characters_ModularParts_Static/Chr_ArmUpperRight_Female_02_Static.prefab using Guid(2e0eef248237ddc49bf7a79324adc7d7) Importer(815301076,1909f56bfc062723c751e8b465ee728b) (PreviewImporter) -> (artifact id: '60b9b05168f8b5a1f09e78c7d1a40850') in 0.015626553 seconds
Number of updated asset objects reloaded before import = 0Number of asset objects unloaded after import = 27

========================================================================
Received Import Request.
  Time since last request: 0.000018 seconds.
  path: Assets/PolygonFantasyHeroCharacters/Prefabs/Characters_Presets/Chr_FantasyHero_Preset_99.prefab
  artifactKey: Guid(b19d715def32817498da54463c72ce72) Importer(815301076,1909f56bfc062723c751e8b465ee728b)
Start importing Assets/PolygonFantasyHeroCharacters/Prefabs/Characters_Presets/Chr_FantasyHero_Preset_99.prefab using Guid(b19d715def32817498da54463c72ce72) Importer(815301076,1909f56bfc062723c751e8b465ee728b) (PreviewImporter) -> (artifact id: '2a43fb8ac6d08eee840ddddcb225222e') in 0.073302665 seconds
Number of updated asset objects reloaded before import = 0Number of asset objects unloaded after import = 3130

========================================================================
Received Import Request.
  Time since last request: 0.000049 seconds.
  path: Assets/PolygonFantasyHeroCharacters/Prefabs/Characters_Presets/Chr_FantasyHero_Preset_53.prefab
  artifactKey: Guid(a13a226b3de5990499d4ba5b28e9f3c9) Importer(815301076,1909f56bfc062723c751e8b465ee728b)
Start importing Assets/PolygonFantasyHeroCharacters/Prefabs/Characters_Presets/Chr_FantasyHero_Preset_53.prefab using Guid(a13a226b3de5990499d4ba5b28e9f3c9) Importer(815301076,1909f56bfc062723c751e8b465ee728b) (PreviewImporter) -> (artifact id: '035665b0b81978ce0478f4a34d8d519a') in 0.078740224 seconds
Number of updated asset objects reloaded before import = 0Number of asset objects unloaded after import = 3130

========================================================================
Received Import Request.
  Time since last request: 0.000025 seconds.
  path: Assets/PolygonFantasyHeroCharacters/Prefabs/Characters_Presets/Chr_FantasyHero_Preset_110.prefab
  artifactKey: Guid(176374dd0a2f64842a7e82fe8c182bfa) Importer(815301076,1909f56bfc062723c751e8b465ee728b)
Start importing Assets/PolygonFantasyHeroCharacters/Prefabs/Characters_Presets/Chr_FantasyHero_Preset_110.prefab using Guid(176374dd0a2f64842a7e82fe8c182bfa) Importer(815301076,1909f56bfc062723c751e8b465ee728b) (PreviewImporter) -> (artifact id: 'e83a5f2c4c43ca19158dd77b36ba3fd3') in 0.049575695 seconds
Number of updated asset objects reloaded before import = 0Number of asset objects unloaded after import = 3130

========================================================================
Received Import Request.
  Time since last request: 0.000027 seconds.
  path: Assets/PolygonFantasyHeroCharacters/Prefabs/Characters_Presets/Chr_FantasyHero_Preset_107.prefab
  artifactKey: Guid(7e9d925b528c27d4dacfe7501007c6ea) Importer(815301076,1909f56bfc062723c751e8b465ee728b)
Start importing Assets/PolygonFantasyHeroCharacters/Prefabs/Characters_Presets/Chr_FantasyHero_Preset_107.prefab using Guid(7e9d925b528c27d4dacfe7501007c6ea) Importer(815301076,1909f56bfc062723c751e8b465ee728b) (PreviewImporter) -> (artifact id: 'b904d4b17cde32c0b3cd3183a878ba28') in 0.06049745 seconds
Number of updated asset objects reloaded before import = 0Number of asset objects unloaded after import = 3130

========================================================================
Received Import Request.
  Time since last request: 0.000021 seconds.
  path: Assets/PolygonFantasyHeroCharacters/Prefabs/Characters_Presets/Chr_FantasyHero_Preset_120.prefab
  artifactKey: Guid(a7d563f9ba734624bbd44ff9d206e7ba) Importer(815301076,1909f56bfc062723c751e8b465ee728b)
Start importing Assets/PolygonFantasyHeroCharacters/Prefabs/Characters_Presets/Chr_FantasyHero_Preset_120.prefab using Guid(a7d563f9ba734624bbd44ff9d206e7ba) Importer(815301076,1909f56bfc062723c751e8b465ee728b) (PreviewImporter) -> (artifact id: 'a5fdcd57253b02a830f034ced6cf8f1f') in 0.075653227 seconds
Number of updated asset objects reloaded before import = 0Number of asset objects unloaded after import = 3130

========================================================================
Received Import Request.
  Time since last request: 0.000025 seconds.
  path: Assets/PolygonFantasyHeroCharacters/Prefabs/Characters_Presets/Chr_FantasyHero_Preset_27.prefab
  artifactKey: Guid(435c26238b6600442b6aec69e136b6e0) Importer(815301076,1909f56bfc062723c751e8b465ee728b)
Start importing Assets/PolygonFantasyHeroCharacters/Prefabs/Characters_Presets/Chr_FantasyHero_Preset_27.prefab using Guid(435c26238b6600442b6aec69e136b6e0) Importer(815301076,1909f56bfc062723c751e8b465ee728b) (PreviewImporter) -> (artifact id: 'a062df25f24013a9eccbeb449728ca8b') in 0.072414895 seconds
Number of updated asset objects reloaded before import = 0Number of asset objects unloaded after import = 3130

========================================================================
Received Import Request.
  Time since last request: 0.000033 seconds.
  path: Assets/PolygonFantasyHeroCharacters/Prefabs/Characters_Presets/Chr_FantasyHero_Preset_68.prefab
  artifactKey: Guid(bbde7a5e76b50f544952d4a40d2d91ad) Importer(815301076,1909f56bfc062723c751e8b465ee728b)
Start importing Assets/PolygonFantasyHeroCharacters/Prefabs/Characters_Presets/Chr_FantasyHero_Preset_68.prefab using Guid(bbde7a5e76b50f544952d4a40d2d91ad) Importer(815301076,1909f56bfc062723c751e8b465ee728b) (PreviewImporter) -> (artifact id: 'b636a32751092360c7291f485199437f') in 0.121684765 seconds
Number of updated asset objects reloaded before import = 0Number of asset objects unloaded after import = 3130

========================================================================
Received Import Request.
  Time since last request: 0.000034 seconds.
  path: Assets/PolygonFantasyHeroCharacters/Prefabs/Characters_Presets/Chr_FantasyHero_Preset_20.prefab
  artifactKey: Guid(0100927bd1b65e34183d908c609970c6) Importer(815301076,1909f56bfc062723c751e8b465ee728b)
Start importing Assets/PolygonFantasyHeroCharacters/Prefabs/Characters_Presets/Chr_FantasyHero_Preset_20.prefab using Guid(0100927bd1b65e34183d908c609970c6) Importer(815301076,1909f56bfc062723c751e8b465ee728b) (PreviewImporter) -> (artifact id: 'c21c6943abcb0f4b4e854c82ec29041a') in 0.090584519 seconds
Number of updated asset objects reloaded before import = 0Number of asset objects unloaded after import = 3130

========================================================================
Received Import Request.
  Time since last request: 0.000023 seconds.
  path: Assets/PolygonFantasyHeroCharacters/Prefabs/Characters_Presets/Chr_FantasyHero_Preset_78.prefab
  artifactKey: Guid(d13e6f30e3df4c041b4d8137d21588d1) Importer(815301076,1909f56bfc062723c751e8b465ee728b)
Start importing Assets/PolygonFantasyHeroCharacters/Prefabs/Characters_Presets/Chr_FantasyHero_Preset_78.prefab using Guid(d13e6f30e3df4c041b4d8137d21588d1) Importer(815301076,1909f56bfc062723c751e8b465ee728b) (PreviewImporter) -> (artifact id: 'cc1cdaea25f7189c931b9a4d90ca5f4d') in 0.099891675 seconds
Number of updated asset objects reloaded before import = 0Number of asset objects unloaded after import = 3130

========================================================================
Received Import Request.
  Time since last request: 0.000032 seconds.
  path: Assets/PolygonFantasyHeroCharacters/Prefabs/Characters_Presets/Chr_FantasyHero_Preset_11.prefab
  artifactKey: Guid(5abb89308c635e14892303e34c77726c) Importer(815301076,1909f56bfc062723c751e8b465ee728b)
Start importing Assets/PolygonFantasyHeroCharacters/Prefabs/Characters_Presets/Chr_FantasyHero_Preset_11.prefab using Guid(5abb89308c635e14892303e34c77726c) Importer(815301076,1909f56bfc062723c751e8b465ee728b) (PreviewImporter) -> (artifact id: '85eb87049538505a064eb751e168bf41') in 0.081368569 seconds
Number of updated asset objects reloaded before import = 0Number of asset objects unloaded after import = 3130

========================================================================
Received Import Request.
  Time since last request: 0.000037 seconds.
  path: Assets/PolygonFantasyHeroCharacters/Prefabs/Characters_ModularParts_Static/Chr_ArmUpperLeft_Female_07_Static.prefab
  artifactKey: Guid(b8c40f12600be8d4fa8dbbcd900863c9) Importer(815301076,1909f56bfc062723c751e8b465ee728b)
Start importing Assets/PolygonFantasyHeroCharacters/Prefabs/Characters_ModularParts_Static/Chr_ArmUpperLeft_Female_07_Static.prefab using Guid(b8c40f12600be8d4fa8dbbcd900863c9) Importer(815301076,1909f56bfc062723c751e8b465ee728b) (PreviewImporter) -> (artifact id: '02c4e0f2c37c55352a97c8311c5fc95e') in 0.025820035 seconds
Number of updated asset objects reloaded before import = 0Number of asset objects unloaded after import = 27

========================================================================
Received Import Request.
  Time since last request: 0.000033 seconds.
  path: Assets/PolygonFantasyHeroCharacters/Prefabs/Characters_ModularParts_Static/Chr_ArmUpperLeft_Male_09_Static.prefab
  artifactKey: Guid(bb1a261c17302244f824f1770b99e51f) Importer(815301076,1909f56bfc062723c751e8b465ee728b)
Start importing Assets/PolygonFantasyHeroCharacters/Prefabs/Characters_ModularParts_Static/Chr_ArmUpperLeft_Male_09_Static.prefab using Guid(bb1a261c17302244f824f1770b99e51f) Importer(815301076,1909f56bfc062723c751e8b465ee728b) (PreviewImporter) -> (artifact id: '56ea6c7085d4379299dec3ab06fdb86a') in 0.064701458 seconds
Number of updated asset objects reloaded before import = 0Number of asset objects unloaded after import = 27

========================================================================
Received Import Request.
  Time since last request: 0.000023 seconds.
  path: Assets/PolygonFantasyHeroCharacters/Prefabs/Characters_ModularParts_Static/Chr_ArmUpperLeft_Female_17_Static.prefab
  artifactKey: Guid(d8ce0e08c7a44494b88ac2da90c95a42) Importer(815301076,1909f56bfc062723c751e8b465ee728b)
Start importing Assets/PolygonFantasyHeroCharacters/Prefabs/Characters_ModularParts_Static/Chr_ArmUpperLeft_Female_17_Static.prefab using Guid(d8ce0e08c7a44494b88ac2da90c95a42) Importer(815301076,1909f56bfc062723c751e8b465ee728b) (PreviewImporter) -> (artifact id: '29c7cd45558f380d4c3eb6a7886471a1') in 0.011317824 seconds
Number of updated asset objects reloaded before import = 0Number of asset objects unloaded after import = 27

========================================================================
Received Import Request.
  Time since last request: 0.000021 seconds.
  path: Assets/PolygonFantasyHeroCharacters/Prefabs/Characters_Presets/Chr_FantasyHero_Preset_96.prefab
  artifactKey: Guid(26fa89198999e564fa87edf99cc95801) Importer(815301076,1909f56bfc062723c751e8b465ee728b)
Start importing Assets/PolygonFantasyHeroCharacters/Prefabs/Characters_Presets/Chr_FantasyHero_Preset_96.prefab using Guid(26fa89198999e564fa87edf99cc95801) Importer(815301076,1909f56bfc062723c751e8b465ee728b) (PreviewImporter) -> (artifact id: 'c785c5c288ded4486ee4cc5c199d8878') in 0.095932235 seconds
Number of updated asset objects reloaded before import = 0Number of asset objects unloaded after import = 3130

========================================================================
Received Import Request.
  Time since last request: 0.000023 seconds.
  path: Assets/PolygonFantasyHeroCharacters/Prefabs/Characters_Presets/Chr_FantasyHero_Preset_2.prefab
  artifactKey: Guid(830eb2bdeec3f2748985b1d3847d67ce) Importer(815301076,1909f56bfc062723c751e8b465ee728b)
Start importing Assets/PolygonFantasyHeroCharacters/Prefabs/Characters_Presets/Chr_FantasyHero_Preset_2.prefab using Guid(830eb2bdeec3f2748985b1d3847d67ce) Importer(815301076,1909f56bfc062723c751e8b465ee728b) (PreviewImporter) -> (artifact id: 'ebdbf8fd7a8f19d55f3198c27e076047') in 0.056261213 seconds
Number of updated asset objects reloaded before import = 0Number of asset objects unloaded after import = 3130

========================================================================
Received Import Request.
  Time since last request: 0.000026 seconds.
  path: Assets/PolygonFantasyHeroCharacters/Prefabs/Characters_ModularParts_Static/Chr_ArmLowerLeft_Male_17_Static.prefab
  artifactKey: Guid(186abaecabee34c41950133dd95147ad) Importer(815301076,1909f56bfc062723c751e8b465ee728b)
Start importing Assets/PolygonFantasyHeroCharacters/Prefabs/Characters_ModularParts_Static/Chr_ArmLowerLeft_Male_17_Static.prefab using Guid(186abaecabee34c41950133dd95147ad) Importer(815301076,1909f56bfc062723c751e8b465ee728b) (PreviewImporter) -> (artifact id: 'ad1d825831b65d38aad68ba9278c0344') in 0.021576667 seconds
Number of updated asset objects reloaded before import = 0Number of asset objects unloaded after import = 27

========================================================================
Received Import Request.
  Time since last request: 0.000018 seconds.
  path: Assets/PolygonFantasyHeroCharacters/Prefabs/Characters_Presets/Chr_FantasyHero_Preset_67.prefab
  artifactKey: Guid(897253bebf3dc5e48a3111e3c1eac1b0) Importer(815301076,1909f56bfc062723c751e8b465ee728b)
Start importing Assets/PolygonFantasyHeroCharacters/Prefabs/Characters_Presets/Chr_FantasyHero_Preset_67.prefab using Guid(897253bebf3dc5e48a3111e3c1eac1b0) Importer(815301076,1909f56bfc062723c751e8b465ee728b) (PreviewImporter) -> (artifact id: '6b22999dbe06358070c34de4a13b216d') in 0.069611278 seconds
Number of updated asset objects reloaded before import = 0Number of asset objects unloaded after import = 3130

========================================================================
Received Import Request.
  Time since last request: 0.000019 seconds.
  path: Assets/PolygonFantasyHeroCharacters/Prefabs/Characters_ModularParts_Static/Chr_ArmUpperLeft_Male_03_Static.prefab
  artifactKey: Guid(a4b02357e0f5ca94b99c836d03f3179f) Importer(815301076,1909f56bfc062723c751e8b465ee728b)
Start importing Assets/PolygonFantasyHeroCharacters/Prefabs/Characters_ModularParts_Static/Chr_ArmUpperLeft_Male_03_Static.prefab using Guid(a4b02357e0f5ca94b99c836d03f3179f) Importer(815301076,1909f56bfc062723c751e8b465ee728b) (PreviewImporter) -> (artifact id: '86b885345e1eb42f4a9d9ef70838528c') in 0.029232337 seconds
Number of updated asset objects reloaded before import = 0Number of asset objects unloaded after import = 27

========================================================================
Received Import Request.
  Time since last request: 0.000020 seconds.
  path: Assets/PolygonFantasyHeroCharacters/Prefabs/Characters_Presets/Chr_FantasyHero_Preset_119.prefab
  artifactKey: Guid(0ff6400220006b8498845aaa8d1de361) Importer(815301076,1909f56bfc062723c751e8b465ee728b)
Start importing Assets/PolygonFantasyHeroCharacters/Prefabs/Characters_Presets/Chr_FantasyHero_Preset_119.prefab using Guid(0ff6400220006b8498845aaa8d1de361) Importer(815301076,1909f56bfc062723c751e8b465ee728b) (PreviewImporter) -> (artifact id: '731534915b517a6cf953690094288a1d') in 0.079139886 seconds
Number of updated asset objects reloaded before import = 0Number of asset objects unloaded after import = 3130

========================================================================
Received Import Request.
  Time since last request: 0.000023 seconds.
  path: Assets/PolygonFantasyHeroCharacters/Prefabs/Characters_Presets/Chr_FantasyHero_Preset_65.prefab
  artifactKey: Guid(4011d0902558bad4383ad26aa9a9d665) Importer(815301076,1909f56bfc062723c751e8b465ee728b)
Start importing Assets/PolygonFantasyHeroCharacters/Prefabs/Characters_Presets/Chr_FantasyHero_Preset_65.prefab using Guid(4011d0902558bad4383ad26aa9a9d665) Importer(815301076,1909f56bfc062723c751e8b465ee728b) (PreviewImporter) -> (artifact id: '8934718a211f99c99a5781cf1c861de5') in 0.069261153 seconds
Number of updated asset objects reloaded before import = 0Number of asset objects unloaded after import = 3130

========================================================================
Received Import Request.
  Time since last request: 0.000028 seconds.
  path: Assets/PolygonFantasyHeroCharacters/Prefabs/Characters_Presets/Chr_FantasyHero_Preset_97.prefab
  artifactKey: Guid(9bb8c20ae67381849a49357ea7e10ba4) Importer(815301076,1909f56bfc062723c751e8b465ee728b)
Start importing Assets/PolygonFantasyHeroCharacters/Prefabs/Characters_Presets/Chr_FantasyHero_Preset_97.prefab using Guid(9bb8c20ae67381849a49357ea7e10ba4) Importer(815301076,1909f56bfc062723c751e8b465ee728b) (PreviewImporter) -> (artifact id: '442ac9dedc4d12367eecdff6209b8525') in 0.070179201 seconds
Number of updated asset objects reloaded before import = 0Number of asset objects unloaded after import = 3130

========================================================================
Received Import Request.
  Time since last request: 0.000025 seconds.
  path: Assets/PolygonFantasyHeroCharacters/Prefabs/Characters_Presets/Chr_FantasyHero_Preset_30.prefab
  artifactKey: Guid(13af639e7db31df49bb2315953e83d1f) Importer(815301076,1909f56bfc062723c751e8b465ee728b)
Start importing Assets/PolygonFantasyHeroCharacters/Prefabs/Characters_Presets/Chr_FantasyHero_Preset_30.prefab using Guid(13af639e7db31df49bb2315953e83d1f) Importer(815301076,1909f56bfc062723c751e8b465ee728b) (PreviewImporter) -> (artifact id: '194ca8f66c42a2dac9c1bed5072daf50') in 0.16652158 seconds
Number of updated asset objects reloaded before import = 0Number of asset objects unloaded after import = 3130

========================================================================
Received Import Request.
  Time since last request: 0.000030 seconds.
  path: Assets/PolygonFantasyHeroCharacters/Prefabs/Characters_ModularParts_Static/Chr_ArmLowerRight_Female_14_Static.prefab
  artifactKey: Guid(e25a598d7f6952145b8fb539b0933d58) Importer(815301076,1909f56bfc062723c751e8b465ee728b)
Start importing Assets/PolygonFantasyHeroCharacters/Prefabs/Characters_ModularParts_Static/Chr_ArmLowerRight_Female_14_Static.prefab using Guid(e25a598d7f6952145b8fb539b0933d58) Importer(815301076,1909f56bfc062723c751e8b465ee728b) (PreviewImporter) -> (artifact id: '959d200ee655138b379045ac3f776f31') in 0.016282023 seconds
Number of updated asset objects reloaded before import = 0Number of asset objects unloaded after import = 27

========================================================================
Received Import Request.
  Time since last request: 0.000029 seconds.
  path: Assets/PolygonFantasyHeroCharacters/Prefabs/Characters_ModularParts_Static/Chr_ArmLowerLeft_Female_18_Static.prefab
  artifactKey: Guid(9276b01b868dc3f44bf285d8d8846dab) Importer(815301076,1909f56bfc062723c751e8b465ee728b)
Start importing Assets/PolygonFantasyHeroCharacters/Prefabs/Characters_ModularParts_Static/Chr_ArmLowerLeft_Female_18_Static.prefab using Guid(9276b01b868dc3f44bf285d8d8846dab) Importer(815301076,1909f56bfc062723c751e8b465ee728b) (PreviewImporter) -> (artifact id: '805a17c49020e54567cf0870becf9d8e') in 0.02950178 seconds
Number of updated asset objects reloaded before import = 0Number of asset objects unloaded after import = 27

========================================================================
Received Import Request.
  Time since last request: 0.000016 seconds.
  path: Assets/PolygonFantasyHeroCharacters/Prefabs/Characters_ModularParts_Static/Chr_ArmLowerRight_Female_07_Static.prefab
  artifactKey: Guid(9c1206e20e8a47d4f83e4fba1f0cab4a) Importer(815301076,1909f56bfc062723c751e8b465ee728b)
Start importing Assets/PolygonFantasyHeroCharacters/Prefabs/Characters_ModularParts_Static/Chr_ArmLowerRight_Female_07_Static.prefab using Guid(9c1206e20e8a47d4f83e4fba1f0cab4a) Importer(815301076,1909f56bfc062723c751e8b465ee728b) (PreviewImporter) -> (artifact id: 'a8125b0c917fdd9bf4342e5af8d581c9') in 0.050457582 seconds
Number of updated asset objects reloaded before import = 0Number of asset objects unloaded after import = 27

========================================================================
Received Import Request.
  Time since last request: 0.000025 seconds.
  path: Assets/PolygonFantasyHeroCharacters/Prefabs/Characters_Presets/Chr_FantasyHero_Preset_83.prefab
  artifactKey: Guid(d9e3be644c1b85e4dbf4ec97c994e4e0) Importer(815301076,1909f56bfc062723c751e8b465ee728b)
Start importing Assets/PolygonFantasyHeroCharacters/Prefabs/Characters_Presets/Chr_FantasyHero_Preset_83.prefab using Guid(d9e3be644c1b85e4dbf4ec97c994e4e0) Importer(815301076,1909f56bfc062723c751e8b465ee728b) (PreviewImporter) -> (artifact id: 'd0567853f3b2dd8d098bfdf23ea8a84b') in 0.064537045 seconds
Number of updated asset objects reloaded before import = 0Number of asset objects unloaded after import = 3130

========================================================================
Received Import Request.
  Time since last request: 0.000022 seconds.
  path: Assets/PolygonFantasyHeroCharacters/Prefabs/Characters_Presets/Chr_FantasyHero_Preset_52.prefab
  artifactKey: Guid(376f10543468d08499265dee2684c3bf) Importer(815301076,1909f56bfc062723c751e8b465ee728b)
Start importing Assets/PolygonFantasyHeroCharacters/Prefabs/Characters_Presets/Chr_FantasyHero_Preset_52.prefab using Guid(376f10543468d08499265dee2684c3bf) Importer(815301076,1909f56bfc062723c751e8b465ee728b) (PreviewImporter) -> (artifact id: '54b10c9d18ab72b3c5ea55adf7623432') in 0.091555892 seconds
Number of updated asset objects reloaded before import = 0Number of asset objects unloaded after import = 3130

========================================================================
Received Import Request.
  Time since last request: 0.000037 seconds.
  path: Assets/PolygonFantasyHeroCharacters/Prefabs/Characters_ModularParts_Static/Chr_ArmUpperLeft_Male_06_Static.prefab
  artifactKey: Guid(64564068e1cc94948aae017452fa2e85) Importer(815301076,1909f56bfc062723c751e8b465ee728b)
Start importing Assets/PolygonFantasyHeroCharacters/Prefabs/Characters_ModularParts_Static/Chr_ArmUpperLeft_Male_06_Static.prefab using Guid(64564068e1cc94948aae017452fa2e85) Importer(815301076,1909f56bfc062723c751e8b465ee728b) (PreviewImporter) -> (artifact id: '9ed9d22d0b59d864fc2b5c4075415c7b') in 0.015608775 seconds
Number of updated asset objects reloaded before import = 0Number of asset objects unloaded after import = 27

========================================================================
Received Import Request.
  Time since last request: 0.000035 seconds.
  path: Assets/PolygonFantasyHeroCharacters/Prefabs/Characters_ModularParts_Static/Chr_ArmUpperLeft_Male_05_Static.prefab
  artifactKey: Guid(86ed8853df0427a47b603220e885727d) Importer(815301076,1909f56bfc062723c751e8b465ee728b)
Start importing Assets/PolygonFantasyHeroCharacters/Prefabs/Characters_ModularParts_Static/Chr_ArmUpperLeft_Male_05_Static.prefab using Guid(86ed8853df0427a47b603220e885727d) Importer(815301076,1909f56bfc062723c751e8b465ee728b) (PreviewImporter) -> (artifact id: 'beead3125fea034c36788eb1e37bcf23') in 0.013840637 seconds
Number of updated asset objects reloaded before import = 0Number of asset objects unloaded after import = 27

========================================================================
Received Import Request.
  Time since last request: 0.000021 seconds.
  path: Assets/PolygonFantasyHeroCharacters/Prefabs/Characters_ModularParts_Static/Chr_ArmLowerLeft_Male_03_Static.prefab
  artifactKey: Guid(3b7d25e15860de541bf1b4527b45dc42) Importer(815301076,1909f56bfc062723c751e8b465ee728b)
Start importing Assets/PolygonFantasyHeroCharacters/Prefabs/Characters_ModularParts_Static/Chr_ArmLowerLeft_Male_03_Static.prefab using Guid(3b7d25e15860de541bf1b4527b45dc42) Importer(815301076,1909f56bfc062723c751e8b465ee728b) (PreviewImporter) -> (artifact id: 'c6f894ebe4caf0e178df0e9f2a9ef5fb') in 0.034512726 seconds
Number of updated asset objects reloaded before import = 0Number of asset objects unloaded after import = 27

========================================================================
Received Import Request.
  Time since last request: 0.000021 seconds.
  path: Assets/PolygonFantasyHeroCharacters/Prefabs/Characters_Presets/Chr_FantasyHero_Preset_17.prefab
  artifactKey: Guid(713a9b5e8f4abff4d9a7ae02af02367b) Importer(815301076,1909f56bfc062723c751e8b465ee728b)
Start importing Assets/PolygonFantasyHeroCharacters/Prefabs/Characters_Presets/Chr_FantasyHero_Preset_17.prefab using Guid(713a9b5e8f4abff4d9a7ae02af02367b) Importer(815301076,1909f56bfc062723c751e8b465ee728b) (PreviewImporter) -> (artifact id: 'be5fc3f5e57e62c9c6f10bbb9ebacaff') in 0.058088089 seconds
Number of updated asset objects reloaded before import = 0Number of asset objects unloaded after import = 3130

========================================================================
Received Import Request.
  Time since last request: 0.000021 seconds.
  path: Assets/PolygonFantasyHeroCharacters/Prefabs/Characters_ModularParts_Static/Chr_ArmUpperLeft_Female_16_Static.prefab
  artifactKey: Guid(256f744345a6c6f4999e8bc9b4c18527) Importer(815301076,1909f56bfc062723c751e8b465ee728b)
Start importing Assets/PolygonFantasyHeroCharacters/Prefabs/Characters_ModularParts_Static/Chr_ArmUpperLeft_Female_16_Static.prefab using Guid(256f744345a6c6f4999e8bc9b4c18527) Importer(815301076,1909f56bfc062723c751e8b465ee728b) (PreviewImporter) -> (artifact id: 'f88394565ea380f8c33820985d2c592f') in 0.011642101 seconds
Number of updated asset objects reloaded before import = 0Number of asset objects unloaded after import = 27

========================================================================
Received Import Request.
  Time since last request: 0.000024 seconds.
  path: Assets/PolygonFantasyHeroCharacters/Prefabs/Characters_ModularParts_Static/Chr_ArmUpperLeft_Male_14_Static.prefab
  artifactKey: Guid(3e6220a60875edf42b94bf02d13f1f1b) Importer(815301076,1909f56bfc062723c751e8b465ee728b)
Start importing Assets/PolygonFantasyHeroCharacters/Prefabs/Characters_ModularParts_Static/Chr_ArmUpperLeft_Male_14_Static.prefab using Guid(3e6220a60875edf42b94bf02d13f1f1b) Importer(815301076,1909f56bfc062723c751e8b465ee728b) (PreviewImporter) -> (artifact id: 'd0faa30134ecdc4f07bad5c1475d2a2a') in 0.02831677 seconds
Number of updated asset objects reloaded before import = 0Number of asset objects unloaded after import = 27

========================================================================
Received Import Request.
  Time since last request: 0.000024 seconds.
  path: Assets/PolygonFantasyHeroCharacters/Prefabs/Characters_ModularParts_Static/Chr_ArmLowerRight_Male_07_Static.prefab
  artifactKey: Guid(a55caee2f0c7f954ba5efc4aca6d0aa6) Importer(815301076,1909f56bfc062723c751e8b465ee728b)
Start importing Assets/PolygonFantasyHeroCharacters/Prefabs/Characters_ModularParts_Static/Chr_ArmLowerRight_Male_07_Static.prefab using Guid(a55caee2f0c7f954ba5efc4aca6d0aa6) Importer(815301076,1909f56bfc062723c751e8b465ee728b) (PreviewImporter) -> (artifact id: 'e34d07bca7b554630d23573d847d3544') in 0.058769906 seconds
Number of updated asset objects reloaded before import = 0Number of asset objects unloaded after import = 27

========================================================================
Received Import Request.
  Time since last request: 0.000023 seconds.
  path: Assets/PolygonFantasyHeroCharacters/Prefabs/Characters_ModularParts_Static/Chr_ArmLowerLeft_Male_10_Static.prefab
  artifactKey: Guid(02819a5922cb83242af19c3567a4ab00) Importer(815301076,1909f56bfc062723c751e8b465ee728b)
Start importing Assets/PolygonFantasyHeroCharacters/Prefabs/Characters_ModularParts_Static/Chr_ArmLowerLeft_Male_10_Static.prefab using Guid(02819a5922cb83242af19c3567a4ab00) Importer(815301076,1909f56bfc062723c751e8b465ee728b) (PreviewImporter) -> (artifact id: '0a798d0eb06b0a97e307101f33aa62de') in 0.0296665 seconds
Number of updated asset objects reloaded before import = 0Number of asset objects unloaded after import = 27

========================================================================
Received Import Request.
  Time since last request: 0.000025 seconds.
  path: Assets/PolygonFantasyHeroCharacters/Prefabs/Characters_Presets/Chr_FantasyHero_Preset_79.prefab
  artifactKey: Guid(652ec71a524d39e4db661153d0e10a1f) Importer(815301076,1909f56bfc062723c751e8b465ee728b)
Start importing Assets/PolygonFantasyHeroCharacters/Prefabs/Characters_Presets/Chr_FantasyHero_Preset_79.prefab using Guid(652ec71a524d39e4db661153d0e10a1f) Importer(815301076,1909f56bfc062723c751e8b465ee728b) (PreviewImporter) -> (artifact id: '64adca642390a0fa2fd656da5cfd9ac0') in 0.162209871 seconds
Number of updated asset objects reloaded before import = 0Number of asset objects unloaded after import = 3130

========================================================================
Received Import Request.
  Time since last request: 0.000025 seconds.
  path: Assets/PolygonFantasyHeroCharacters/Prefabs/Characters_Presets/Chr_FantasyHero_Preset_75.prefab
  artifactKey: Guid(59e52ca60d8aebe4ebc5d94c017d05e7) Importer(815301076,1909f56bfc062723c751e8b465ee728b)
Start importing Assets/PolygonFantasyHeroCharacters/Prefabs/Characters_Presets/Chr_FantasyHero_Preset_75.prefab using Guid(59e52ca60d8aebe4ebc5d94c017d05e7) Importer(815301076,1909f56bfc062723c751e8b465ee728b) (PreviewImporter) -> (artifact id: '90194a80201633d110f113073e56f665') in 0.0550513 seconds
Number of updated asset objects reloaded before import = 0Number of asset objects unloaded after import = 3130

========================================================================
Received Import Request.
  Time since last request: 0.000040 seconds.
  path: Assets/PolygonFantasyHeroCharacters/Prefabs/Characters_ModularParts_Static/Chr_ArmLowerLeft_Female_08_Static.prefab
  artifactKey: Guid(fc9d012621dccd6489356dff2653ba3d) Importer(815301076,1909f56bfc062723c751e8b465ee728b)
Start importing Assets/PolygonFantasyHeroCharacters/Prefabs/Characters_ModularParts_Static/Chr_ArmLowerLeft_Female_08_Static.prefab using Guid(fc9d012621dccd6489356dff2653ba3d) Importer(815301076,1909f56bfc062723c751e8b465ee728b) (PreviewImporter) -> (artifact id: 'e0e1853d02f45c2be92a330d2a2bea9c') in 0.093973284 seconds
Number of updated asset objects reloaded before import = 0Number of asset objects unloaded after import = 27

========================================================================
Received Import Request.
  Time since last request: 0.000020 seconds.
  path: Assets/PolygonFantasyHeroCharacters/Prefabs/Characters_Presets/Chr_FantasyHero_Preset_76.prefab
  artifactKey: Guid(4f649c0186932c84db9f3588ed96c501) Importer(815301076,1909f56bfc062723c751e8b465ee728b)
Start importing Assets/PolygonFantasyHeroCharacters/Prefabs/Characters_Presets/Chr_FantasyHero_Preset_76.prefab using Guid(4f649c0186932c84db9f3588ed96c501) Importer(815301076,1909f56bfc062723c751e8b465ee728b) (PreviewImporter) -> (artifact id: '17c122e8e225d77d73c87fc97b13541f') in 0.094829224 seconds
Number of updated asset objects reloaded before import = 0Number of asset objects unloaded after import = 3130

========================================================================
Received Import Request.
  Time since last request: 0.000021 seconds.
  path: Assets/PolygonFantasyHeroCharacters/Prefabs/Characters_Presets/Chr_FantasyHero_Preset_108.prefab
  artifactKey: Guid(88b2520545cecf64f82ab4d5e2c6e84f) Importer(815301076,1909f56bfc062723c751e8b465ee728b)
Start importing Assets/PolygonFantasyHeroCharacters/Prefabs/Characters_Presets/Chr_FantasyHero_Preset_108.prefab using Guid(88b2520545cecf64f82ab4d5e2c6e84f) Importer(815301076,1909f56bfc062723c751e8b465ee728b) (PreviewImporter) -> (artifact id: '599035f95671e9a311bda10fff12452b') in 0.076989934 seconds
Number of updated asset objects reloaded before import = 0Number of asset objects unloaded after import = 3130

========================================================================
Received Import Request.
  Time since last request: 0.000028 seconds.
  path: Assets/PolygonFantasyHeroCharacters/Prefabs/Characters_ModularParts_Static/Chr_ArmLowerLeft_Male_06_Static.prefab
  artifactKey: Guid(ad68f58ea6f924d40b260069df9e07a8) Importer(815301076,1909f56bfc062723c751e8b465ee728b)
Start importing Assets/PolygonFantasyHeroCharacters/Prefabs/Characters_ModularParts_Static/Chr_ArmLowerLeft_Male_06_Static.prefab using Guid(ad68f58ea6f924d40b260069df9e07a8) Importer(815301076,1909f56bfc062723c751e8b465ee728b) (PreviewImporter) -> (artifact id: '81d60957fbf8a7cd4c4431e7f0a8f893') in 0.024092728 seconds
Number of updated asset objects reloaded before import = 0Number of asset objects unloaded after import = 27

Editor requested this worker to shutdown with reason: Scaling down because of idle timeout
AssetImportWorker is now disconnected from the server
Process exiting

SDL leaked 2 allocations
Internal: Possible leak. All render target surfaces should be removed from IdMap when destructed using RenderTargetMap::Remove(RenderSurfaceBase* rs).
